\BOOKMARK [0][-]{Doc-Start}{AGRADECIMIENTOS}{}% 1
\BOOKMARK [0][-]{Doc-Start}{INDICE DE FIGURAS}{}% 2
\BOOKMARK [0][-]{Doc-Start}{INDICE DE TABLAS}{}% 3
\BOOKMARK [0][-]{Doc-Start}{RESUMEN}{}% 4
\BOOKMARK [0][-]{Doc-Start}{ABSTRACT}{}% 5
\BOOKMARK [0][-]{chapter.1}{1. INTRODUCCI\323N}{}% 6
\BOOKMARK [0][-]{chapter.2}{2. LOS CINCO GRANDES}{}% 7
\BOOKMARK [1][-]{section.2.1}{2.1. Or\355genes y propiedades de los Cinco Grandes}{chapter.2}% 8
\BOOKMARK [2][-]{subsection.2.1.1}{2.1.1. Extraversi\363n}{section.2.1}% 9
\BOOKMARK [2][-]{subsection.2.1.2}{2.1.2. Amabilidad}{section.2.1}% 10
\BOOKMARK [2][-]{subsection.2.1.3}{2.1.3. Responsabilidad}{section.2.1}% 11
\BOOKMARK [2][-]{subsection.2.1.4}{2.1.4. Estabilidad emocional}{section.2.1}% 12
\BOOKMARK [2][-]{subsection.2.1.5}{2.1.5. Apertura al cambio}{section.2.1}% 13
\BOOKMARK [1][-]{section.2.2}{2.2. Los Cinco Grandes e intercambio comercial}{chapter.2}% 14
\BOOKMARK [2][-]{subsection.2.2.1}{2.2.1. Los Cinco Grandes como predictores de comportamiento}{section.2.2}% 15
\BOOKMARK [2][-]{subsection.2.2.2}{2.2.2. Personalidad y comportamiento en pol\355tica}{section.2.2}% 16
\BOOKMARK [2][-]{subsection.2.2.3}{2.2.3. Los Cinco Grandes e intercambio comercial}{section.2.2}% 17
\BOOKMARK [0][-]{chapter.3}{3. METODOLOG\315A Y DATOS}{}% 18
\BOOKMARK [1][-]{section.3.1}{3.1. Estimando importaciones, exportaciones y FDI}{chapter.3}% 19
\BOOKMARK [1][-]{section.3.2}{3.2. L\355deres en la muestra}{chapter.3}% 20
\BOOKMARK [1][-]{section.3.3}{3.3. Midiendo los Cinco Grandes}{chapter.3}% 21
\BOOKMARK [2][-]{subsection.3.3.1}{3.3.1. Mu\351strame c\363mo escribes y te dir\351 qui\351n eres}{section.3.3}% 22
\BOOKMARK [2][-]{subsection.3.3.2}{3.3.2. De discursos pol\355ticos a los Cincos Grandes}{section.3.3}% 23
\BOOKMARK [2][-]{subsection.3.3.3}{3.3.3. Resultados y verificaciones}{section.3.3}% 24
\BOOKMARK [0][-]{chapter.4}{4. RESULTADOS}{}% 25
\BOOKMARK [0][-]{chapter.5}{5. CONCLUSIONES}{}% 26
\BOOKMARK [0][-]{chapter.6}{6. REFERENCIAS}{}% 27
\BOOKMARK [1][-]{section.6.1}{6.1. Estilo de la Referencias}{chapter.6}% 28
\BOOKMARK [1][-]{section.6.2}{6.2. Producci\363n de Referencias}{chapter.6}% 29
\BOOKMARK [1][-]{section.6.3}{6.3. Ejemplos de Referencias BibTeX}{chapter.6}% 30
\BOOKMARK [2][-]{subsection.6.3.1}{6.3.1. Ejemplo de Referencia de Libro}{section.6.3}% 31
\BOOKMARK [2][-]{subsection.6.3.2}{6.3.2. Ejemplo de Referencia de Art\355culo en Libro}{section.6.3}% 32
\BOOKMARK [2][-]{subsection.6.3.3}{6.3.3. Ejemplo de Referencia de Art\355culo en Revista}{section.6.3}% 33
\BOOKMARK [2][-]{subsection.6.3.4}{6.3.4. Ejemplo de Referencia de Art\355culo de Conferencia}{section.6.3}% 34
\BOOKMARK [2][-]{subsection.6.3.5}{6.3.5. Ejemplo de Referencia de Tesis}{section.6.3}% 35
\BOOKMARK [2][-]{subsection.6.3.6}{6.3.6. Ejemplo de Referencia de Informe T\351cnico}{section.6.3}% 36
\BOOKMARK [2][-]{subsection.6.3.7}{6.3.7. Ejemplo de Referencia de Documentaci\363n T\351cnica/Gu\355a del Usuario}{section.6.3}% 37
\BOOKMARK [2][-]{subsection.6.3.8}{6.3.8. Ejemplo de Referencia a una P\341gina Web}{section.6.3}% 38
\BOOKMARK [2][-]{subsection.6.3.9}{6.3.9. Un Ejemplo Usando Abreviaciones}{section.6.3}% 39
\BOOKMARK [0][-]{chapter.7}{7. CONSEJOS GENERALES PARA LA PREPARACION DE DOCUMENTOS}{}% 40
\BOOKMARK [1][-]{section.7.1}{7.1. Consejos sobre Figuras y Tablas}{chapter.7}% 41
\BOOKMARK [1][-]{section.7.2}{7.2. Consejos sobre Abreviaciones y Acr\363nimos}{chapter.7}% 42
\BOOKMARK [1][-]{section.7.3}{7.3. Consejos sobre Ecuaciones y N\372meros}{chapter.7}% 43
\BOOKMARK [1][-]{section.7.4}{7.4. Otras Recomendaciones}{chapter.7}% 44
\BOOKMARK [1][-]{section.7.5}{7.5. Consejos sobre Unidades}{chapter.7}% 45
\BOOKMARK [1][-]{section.7.6}{7.6. Consejos sobre Redacci\363n y Uso del Lenguaje}{chapter.7}% 46
\BOOKMARK [0][-]{chapter.8}{8. INSTALACION Y COMPILACION}{}% 47
\BOOKMARK [1][-]{section.8.1}{8.1. Instalaci\363n de LaTeX}{chapter.8}% 48
\BOOKMARK [1][-]{section.8.2}{8.2. Compilaci\363n y Generaci\363n de Archivos PDF}{chapter.8}% 49
\BOOKMARK [0][-]{Item.9}{BIBLIOGRAFIA}{}% 50
\BOOKMARK [0][-]{chapter.1}{ANEXO A. DISTRIBUCION DEL PAQUETE DE TESIS}{}% 51
\BOOKMARK [0][-]{chapter.2}{ANEXO B. RECURSOS EN LA INTERNET}{}% 52
