This is pdfTeX, Version 3.14159265-2.6-1.40.16 (MiKTeX 2.9) (preloaded format=pdflatex 2015.11.17)  2 FEB 2016 10:07
entering extended mode
**puctesis_ejemplo.tex
(puctesis_ejemplo.tex
LaTeX2e <2015/01/01> patch level 2
Babel <3.9m> and hyphenation patterns for 69 languages loaded.
(puctesis.cls
Document Class: puctesis 2009/01/21 v1.3 PUC Tesis class
+-------------------------------------------------------------+
| Miguel Torres-Torriti <Apr 2007>: Modified from UdeM thesis |
+-------------------------------------------------------------+
("C:\Program Files (x86)\MiKTeX 2.9\tex\latex\amscls\amsbook.cls"
Document Class: amsbook 2015/03/04 v2.20.2
\linespacing=\dimen102
\normalparindent=\dimen103
\normaltopskip=\skip41
("C:\Program Files (x86)\MiKTeX 2.9\tex\latex\amsmath\amsmath.sty"
Package: amsmath 2013/01/14 v2.14 AMS math features
\@mathmargin=\skip42

For additional information on amsmath, use the `?' option.
("C:\Program Files (x86)\MiKTeX 2.9\tex\latex\amsmath\amstext.sty"
Package: amstext 2000/06/29 v2.01

("C:\Program Files (x86)\MiKTeX 2.9\tex\latex\amsmath\amsgen.sty"
File: amsgen.sty 1999/11/30 v2.0
\@emptytoks=\toks14
\ex@=\dimen104
))
("C:\Program Files (x86)\MiKTeX 2.9\tex\latex\amsmath\amsbsy.sty"
Package: amsbsy 1999/11/29 v1.2d
\pmbraise@=\dimen105
)
("C:\Program Files (x86)\MiKTeX 2.9\tex\latex\amsmath\amsopn.sty"
Package: amsopn 1999/12/14 v2.01 operator names
)
\inf@bad=\count79
LaTeX Info: Redefining \frac on input line 210.
\uproot@=\count80
\leftroot@=\count81
LaTeX Info: Redefining \overline on input line 306.
\classnum@=\count82
\DOTSCASE@=\count83
LaTeX Info: Redefining \ldots on input line 378.
LaTeX Info: Redefining \dots on input line 381.
LaTeX Info: Redefining \cdots on input line 466.
\Mathstrutbox@=\box26
\strutbox@=\box27
\big@size=\dimen106
LaTeX Font Info:    Redeclaring font encoding OML on input line 566.
LaTeX Font Info:    Redeclaring font encoding OMS on input line 567.
\macc@depth=\count84
\c@MaxMatrixCols=\count85
\dotsspace@=\muskip10
\c@parentequation=\count86
\dspbrk@lvl=\count87
\tag@help=\toks15
\row@=\count88
\column@=\count89
\maxfields@=\count90
\andhelp@=\toks16
\eqnshift@=\dimen107
\alignsep@=\dimen108
\tagshift@=\dimen109
\tagwidth@=\dimen110
\totwidth@=\dimen111
\lineht@=\dimen112
\@envbody=\toks17
\multlinegap=\skip43
\multlinetaggap=\skip44
\mathdisplay@stack=\toks18
LaTeX Info: Redefining \[ on input line 2665.
LaTeX Info: Redefining \] on input line 2666.
)
LaTeX Font Info:    Try loading font information for U+msa on input line 367.

("C:\Program Files (x86)\MiKTeX 2.9\tex\latex\amsfonts\umsa.fd"
File: umsa.fd 2013/01/14 v3.01 AMS symbols A
)
("C:\Program Files (x86)\MiKTeX 2.9\tex\latex\amsfonts\amsfonts.sty"
Package: amsfonts 2013/01/14 v3.01 Basic AMSFonts support
\symAMSa=\mathgroup4
\symAMSb=\mathgroup5
LaTeX Font Info:    Overwriting math alphabet `\mathfrak' in version `bold'
(Font)                  U/euf/m/n --> U/euf/b/n on input line 106.
)
\copyins=\insert233
\abstractbox=\box28
\listisep=\skip45
\c@part=\count91
\c@chapter=\count92
\c@section=\count93
\c@subsection=\count94
\c@subsubsection=\count95
\c@paragraph=\count96
\c@subparagraph=\count97
\c@figure=\count98
\c@table=\count99
\abovecaptionskip=\skip46
\belowcaptionskip=\skip47
\captionindent=\dimen113
\thm@style=\toks19
\thm@bodyfont=\toks20
\thm@headfont=\toks21
\thm@notefont=\toks22
\thm@headpunct=\toks23
\thm@preskip=\skip48
\thm@postskip=\skip49
\thm@headsep=\skip50
\dth@everypar=\toks24
)
(setspace.sty
Package: setspace 2000/12/01 6.7 Contributed and Supported LaTeX2e package

Package: `setspace' 6.7 <2000/12/01>
) ("C:\Program Files (x86)\MiKTeX 2.9\tex\latex\graphics\graphicx.sty"
Package: graphicx 2014/10/28 v1.0g Enhanced LaTeX Graphics (DPC,SPQR)

("C:\Program Files (x86)\MiKTeX 2.9\tex\latex\graphics\keyval.sty"
Package: keyval 2014/10/28 v1.15 key=value parser (DPC)
\KV@toks@=\toks25
)
("C:\Program Files (x86)\MiKTeX 2.9\tex\latex\graphics\graphics.sty"
Package: graphics 2014/10/28 v1.0p Standard LaTeX Graphics (DPC,SPQR)

("C:\Program Files (x86)\MiKTeX 2.9\tex\latex\graphics\trig.sty"
Package: trig 1999/03/16 v1.09 sin cos tan (DPC)
)
("C:\Program Files (x86)\MiKTeX 2.9\tex\latex\00miktex\graphics.cfg"
File: graphics.cfg 2007/01/18 v1.5 graphics configuration of teTeX/TeXLive
)
Package graphics Info: Driver file: pdftex.def on input line 94.

("C:\Program Files (x86)\MiKTeX 2.9\tex\latex\pdftex-def\pdftex.def"
File: pdftex.def 2011/05/27 v0.06d Graphics/color for pdfTeX

("C:\Program Files (x86)\MiKTeX 2.9\tex\generic\oberdiek\infwarerr.sty"
Package: infwarerr 2010/04/08 v1.3 Providing info/warning/error messages (HO)
)
("C:\Program Files (x86)\MiKTeX 2.9\tex\generic\oberdiek\ltxcmds.sty"
Package: ltxcmds 2011/11/09 v1.22 LaTeX kernel commands for general use (HO)
)
\Gread@gobject=\count100
))
\Gin@req@height=\dimen114
\Gin@req@width=\dimen115
)
("C:\Program Files (x86)\MiKTeX 2.9\tex\latex\hyperref\hyperref.sty"
Package: hyperref 2012/11/06 v6.83m Hypertext links for LaTeX

("C:\Program Files (x86)\MiKTeX 2.9\tex\generic\oberdiek\hobsub-hyperref.sty"
Package: hobsub-hyperref 2012/04/25 v1.12 Bundle oberdiek, subset hyperref (HO)


("C:\Program Files (x86)\MiKTeX 2.9\tex\generic\oberdiek\hobsub-generic.sty"
Package: hobsub-generic 2012/04/25 v1.12 Bundle oberdiek, subset generic (HO)
Package: hobsub 2012/04/25 v1.12 Construct package bundles (HO)
Package hobsub Info: Skipping package `infwarerr' (already loaded).
Package hobsub Info: Skipping package `ltxcmds' (already loaded).
Package: ifluatex 2010/03/01 v1.3 Provides the ifluatex switch (HO)
Package ifluatex Info: LuaTeX not detected.
Package: ifvtex 2010/03/01 v1.5 Detect VTeX and its facilities (HO)
Package ifvtex Info: VTeX not detected.
Package: intcalc 2007/09/27 v1.1 Expandable calculations with integers (HO)
Package: ifpdf 2011/01/30 v2.3 Provides the ifpdf switch (HO)
Package ifpdf Info: pdfTeX in PDF mode is detected.
Package: etexcmds 2011/02/16 v1.5 Avoid name clashes with e-TeX commands (HO)
Package etexcmds Info: Could not find \expanded.
(etexcmds)             That can mean that you are not using pdfTeX 1.50 or
(etexcmds)             that some package has redefined \expanded.
(etexcmds)             In the latter case, load this package earlier.
Package: kvsetkeys 2012/04/25 v1.16 Key value parser (HO)
Package: kvdefinekeys 2011/04/07 v1.3 Define keys (HO)
Package: pdftexcmds 2011/11/29 v0.20 Utility functions of pdfTeX for LuaTeX (HO
)
Package pdftexcmds Info: LuaTeX not detected.
Package pdftexcmds Info: \pdf@primitive is available.
Package pdftexcmds Info: \pdf@ifprimitive is available.
Package pdftexcmds Info: \pdfdraftmode found.
Package: pdfescape 2011/11/25 v1.13 Implements pdfTeX's escape features (HO)
Package: bigintcalc 2012/04/08 v1.3 Expandable calculations on big integers (HO
)
Package: bitset 2011/01/30 v1.1 Handle bit-vector datatype (HO)
Package: uniquecounter 2011/01/30 v1.2 Provide unlimited unique counter (HO)
)
Package hobsub Info: Skipping package `hobsub' (already loaded).
Package: letltxmacro 2010/09/02 v1.4 Let assignment for LaTeX macros (HO)
Package: hopatch 2011/06/24 v1.1 Wrapper for package hooks (HO)
Package: xcolor-patch 2011/01/30 xcolor patch
Package: atveryend 2011/06/30 v1.8 Hooks at the very end of document (HO)
Package atveryend Info: \enddocument detected (standard20110627).
Package: atbegshi 2011/10/05 v1.16 At begin shipout hook (HO)
Package: refcount 2011/10/16 v3.4 Data extraction from label references (HO)
Package: hycolor 2011/01/30 v1.7 Color options for hyperref/bookmark (HO)
)
("C:\Program Files (x86)\MiKTeX 2.9\tex\generic\ifxetex\ifxetex.sty"
Package: ifxetex 2010/09/12 v0.6 Provides ifxetex conditional
)
("C:\Program Files (x86)\MiKTeX 2.9\tex\latex\oberdiek\auxhook.sty"
Package: auxhook 2011/03/04 v1.3 Hooks for auxiliary files (HO)
)
("C:\Program Files (x86)\MiKTeX 2.9\tex\latex\oberdiek\kvoptions.sty"
Package: kvoptions 2011/06/30 v3.11 Key value format for package options (HO)
)
\@linkdim=\dimen116
\Hy@linkcounter=\count101
\Hy@pagecounter=\count102

("C:\Program Files (x86)\MiKTeX 2.9\tex\latex\hyperref\pd1enc.def"
File: pd1enc.def 2012/11/06 v6.83m Hyperref: PDFDocEncoding definition (HO)
)
\Hy@SavedSpaceFactor=\count103

("C:\Program Files (x86)\MiKTeX 2.9\tex\latex\00miktex\hyperref.cfg"
File: hyperref.cfg 2002/06/06 v1.2 hyperref configuration of TeXLive
)
Package hyperref Info: Hyper figures OFF on input line 4443.
Package hyperref Info: Link nesting OFF on input line 4448.
Package hyperref Info: Hyper index ON on input line 4451.
Package hyperref Info: Plain pages OFF on input line 4458.
Package hyperref Info: Backreferencing OFF on input line 4463.
Package hyperref Info: Implicit mode ON; LaTeX internals redefined.
Package hyperref Info: Bookmarks ON on input line 4688.
\c@Hy@tempcnt=\count104

("C:\Program Files (x86)\MiKTeX 2.9\tex\latex\url\url.sty"
\Urlmuskip=\muskip11
Package: url 2013/09/16  ver 3.4  Verb mode for urls, etc.
)
LaTeX Info: Redefining \url on input line 5041.
\XeTeXLinkMargin=\dimen117
\Fld@menulength=\count105
\Field@Width=\dimen118
\Fld@charsize=\dimen119
Package hyperref Info: Hyper figures OFF on input line 6295.
Package hyperref Info: Link nesting OFF on input line 6300.
Package hyperref Info: Hyper index ON on input line 6303.
Package hyperref Info: backreferencing OFF on input line 6310.
Package hyperref Info: Link coloring OFF on input line 6315.
Package hyperref Info: Link coloring with OCG OFF on input line 6320.
Package hyperref Info: PDF/A mode OFF on input line 6325.
LaTeX Info: Redefining \ref on input line 6365.
LaTeX Info: Redefining \pageref on input line 6369.
\Hy@abspage=\count106
\c@Item=\count107
\c@Hfootnote=\count108
)

Package hyperref Message: Driver: hpdftex.

("C:\Program Files (x86)\MiKTeX 2.9\tex\latex\hyperref\hpdftex.def"
File: hpdftex.def 2012/11/06 v6.83m Hyperref driver for pdfTeX
\Fld@listcount=\count109
\c@bookmark@seq@number=\count110

("C:\Program Files (x86)\MiKTeX 2.9\tex\latex\oberdiek\rerunfilecheck.sty"
Package: rerunfilecheck 2011/04/15 v1.7 Rerun checks for auxiliary files (HO)
Package uniquecounter Info: New unique counter `rerunfilecheck' on input line 2
82.
)
\Hy@SectionHShift=\skip51
)
Package hyperref Info: Option `pdffitwindow' set `false' on input line 141.
Package hyperref Info: Option `pdfnewwindow' set `true' on input line 141.
Package hyperref Info: Option `colorlinks' set `true' on input line 141.

("C:\Program Files (x86)\MiKTeX 2.9\tex\latex\apacite\apacite.sty"
Package: apacite 2013/07/21 v6.03 APA citation
\c@BibCnt=\count111
\bibleftmargin=\skip52
\bibindent=\skip53
\bibparsep=\skip54
\bibitemsep=\skip55
\biblabelsep=\skip56
)
\auxdist=\skip57
\TestCount=\count112
\checkbox=\box29
)
("C:\Program Files (x86)\MiKTeX 2.9\tex\latex\dstroke\dsfont.sty"
Package: dsfont 1995/08/01 v0.1 Double stroke roman fonts
)
("C:\Program Files (x86)\MiKTeX 2.9\tex\latex\amsfonts\amssymb.sty"
Package: amssymb 2013/01/14 v3.01 AMS font symbols
)
(algorithm2e.sty
Package: algorithm2e 2005/10/04 v3.9 algorithms environments
\c@AlgoLine=\count113
 ("C:\Program Files (x86)\MiKTeX 2.9\tex\latex\base\ifthen.sty"
Package: ifthen 2014/09/29 v1.1c Standard LaTeX ifthen package (DPC)
) ("C:\Program Files (x86)\MiKTeX 2.9\tex\latex\tools\xspace.sty"
Package: xspace 2014/10/28 v1.13 Space after command names (DPC,MH)
)
********************************************************
Package `algorithm2e' Release 3.9 -- october 04 2005 --
- algorithm2e-announce@lirmm.fr mailing list for announcement about releases
- algorithm2e-discussion@lirmm.fr mailing list for discussion about package
subscribe by emailing sympa@lirmm.fr with 'subscribe <list> <firstname name>'
- Author: Christophe Fiorio (fiorio@lirmm.fr)
********************************************************
\skiptotal=\skip58
\skiprule=\skip59
\skiphlne=\skip60
\skiptext=\skip61
\skiplength=\skip62
\algomargin=\skip63
\skipalgocfslide=\skip64
\algowidth=\dimen120
\inoutsize=\dimen121
\inoutline=\dimen122
\algocf@inoutbox=\box30
\algocf@inputbox=\box31
\AlCapSkip=\skip65
\AlCapHSkip=\skip66
\algocf@capbox=\box32
\c@algocfline=\count114
\c@algocf=\count115
\algocf@algoframe=\box33
\algocf@algobox=\box34
) (fancybox.sty
Package: fancybox 2000/09/19 1.3

Style option: `fancybox' v1.3 <2000/09/19> (tvz)
\@fancybox=\box35
\shadowsize=\dimen123
\@Sbox=\box36
\do@VerbBox=\toks26
\the@fancyput=\toks27
\this@fancyput=\toks28
\EndVerbatimTokens=\toks29
\Verbatim@Outfile=\write3
\Verbatim@Infile=\read1
) ("C:\Program Files (x86)\MiKTeX 2.9\tex\latex\psnfss\times.sty"
Package: times 2005/04/12 PSNFSS-v9.2a (SPQR) 
)
("C:\Program Files (x86)\MiKTeX 2.9\tex\latex\import\import.sty"
Package: import 2009/03/23  v 5.1
)
("C:\Program Files (x86)\MiKTeX 2.9\tex\latex\caption\caption.sty"
Package: caption 2015/09/17 v3.3-111 Customizing captions (AR)

("C:\Program Files (x86)\MiKTeX 2.9\tex\latex\caption\caption3.sty"
Package: caption3 2015/09/20 v1.7-115 caption3 kernel (AR)
Package caption3 Info: TeX engine: e-TeX on input line 57.
\captionmargin=\dimen124
\captionmargin@=\dimen125
\captionwidth=\dimen126
\caption@tempdima=\dimen127
\caption@indent=\dimen128
\caption@parindent=\dimen129
\caption@hangindent=\dimen130
)
Package caption Info: AMS or SMF document class.
\c@ContinuedFloat=\count116
Package caption Info: hyperref package is loaded.
)
("C:\Program Files (x86)\MiKTeX 2.9\tex\latex\caption\subcaption.sty"
Package: subcaption 2015/09/15 v1.1-100 Sub-captions (AR)
\c@subfigure=\count117
\c@subtable=\count118
)
("C:\Program Files (x86)\MiKTeX 2.9\tex\latex\float\float.sty"
Package: float 2001/11/08 v1.3d Float enhancements (AL)
\c@float@type=\count119
\float@exts=\toks30
\float@box=\box37
\@float@everytoks=\toks31
\@floatcapt=\box38
)
("C:\Program Files (x86)\MiKTeX 2.9\tex\latex\ulem\ulem.sty"
\UL@box=\box39
\UL@hyphenbox=\box40
\UL@skip=\skip67
\UL@hook=\toks32
\UL@height=\dimen131
\UL@pe=\count120
\UL@pixel=\dimen132
\ULC@box=\box41
Package: ulem 2012/05/18
\ULdepth=\dimen133
)
("C:\Program Files (x86)\MiKTeX 2.9\tex\latex\tools\longtable.sty"
Package: longtable 2014/10/28 v4.11 Multi-page Table package (DPC)
\LTleft=\skip68
\LTright=\skip69
\LTpre=\skip70
\LTpost=\skip71
\LTchunksize=\count121
\LTcapwidth=\dimen134
\LT@head=\box42
\LT@firsthead=\box43
\LT@foot=\box44
\LT@lastfoot=\box45
\LT@cols=\count122
\LT@rows=\count123
\c@LT@tables=\count124
\c@LT@chunks=\count125
\LT@p@ftn=\toks33
)
("C:\Program Files (x86)\MiKTeX 2.9\tex\latex\siunitx\siunitx.sty"
("C:\Program Files (x86)\MiKTeX 2.9\tex\latex\l3kernel\expl3.sty"
Package: expl3 2016/01/19 v6377 L3 programming layer (loader) 

("C:\Program Files (x86)\MiKTeX 2.9\tex\latex\l3kernel\expl3-code.tex"
Package: expl3 2016/01/19 v6377 L3 programming layer (code)
L3 Module: l3bootstrap 2016/01/01 v6339 L3 Bootstrap code
L3 Module: l3names 2015/12/21 v6328 L3 Namespace for primitives
L3 Module: l3basics 2015/11/22 v6315 L3 Basic definitions
L3 Module: l3expan 2015/09/10 v5983 L3 Argument expansion
L3 Module: l3tl 2015/09/29 v6121 L3 Token lists
L3 Module: l3str 2016/01/03 v6357 L3 Strings
L3 Module: l3seq 2015/08/05 v5777 L3 Sequences and stacks
L3 Module: l3int 2016/01/05 v6366 L3 Integers
\c_max_int=\count126
\l_tmpa_int=\count127
\l_tmpb_int=\count128
\g_tmpa_int=\count129
\g_tmpb_int=\count130
L3 Module: l3quark 2015/08/17 v5855 L3 Quarks
L3 Module: l3prg 2015/11/01 v6216 L3 Control structures
\g__prg_map_int=\count131
L3 Module: l3clist 2015/09/02 v5901 L3 Comma separated lists
L3 Module: l3token 2015/11/11 v6249 L3 Experimental token manipulation
L3 Module: l3prop 2016/01/05 v6366 L3 Property lists
L3 Module: l3msg 2015/09/28 v6113 L3 Messages
L3 Module: l3file 2015/12/03 v6317 L3 File and I/O operations
\l_iow_line_count_int=\count132
\l__iow_target_count_int=\count133
\l__iow_current_line_int=\count134
\l__iow_current_word_int=\count135
\l__iow_current_indentation_int=\count136
L3 Module: l3skip 2016/01/05 v6366 L3 Dimensions and skips
\c_zero_dim=\dimen135
\c_max_dim=\dimen136
\l_tmpa_dim=\dimen137
\l_tmpb_dim=\dimen138
\g_tmpa_dim=\dimen139
\g_tmpb_dim=\dimen140
\c_zero_skip=\skip72
\c_max_skip=\skip73
\l_tmpa_skip=\skip74
\l_tmpb_skip=\skip75
\g_tmpa_skip=\skip76
\g_tmpb_skip=\skip77
\c_zero_muskip=\muskip12
\c_max_muskip=\muskip13
\l_tmpa_muskip=\muskip14
\l_tmpb_muskip=\muskip15
\g_tmpa_muskip=\muskip16
\g_tmpb_muskip=\muskip17
L3 Module: l3keys 2015/11/17 v6284 L3 Key-value interfaces
\g__keyval_level_int=\count137
\l_keys_choice_int=\count138
L3 Module: l3fp 2015/08/25 v5890 L3 Floating points
\c__fp_leading_shift_int=\count139
\c__fp_middle_shift_int=\count140
\c__fp_trailing_shift_int=\count141
\c__fp_big_leading_shift_int=\count142
\c__fp_big_middle_shift_int=\count143
\c__fp_big_trailing_shift_int=\count144
\c__fp_Bigg_leading_shift_int=\count145
\c__fp_Bigg_middle_shift_int=\count146
\c__fp_Bigg_trailing_shift_int=\count147
L3 Module: l3box 2015/08/09 v5822 L3 Experimental boxes
\c_empty_box=\box46
\l_tmpa_box=\box47
\l_tmpb_box=\box48
\g_tmpa_box=\box49
\g_tmpb_box=\box50
L3 Module: l3coffins 2015/08/06 v5789 L3 Coffin code layer
\l__coffin_internal_box=\box51
\l__coffin_internal_dim=\dimen141
\l__coffin_offset_x_dim=\dimen142
\l__coffin_offset_y_dim=\dimen143
\l__coffin_x_dim=\dimen144
\l__coffin_y_dim=\dimen145
\l__coffin_x_prime_dim=\dimen146
\l__coffin_y_prime_dim=\dimen147
\c_empty_coffin=\box52
\l__coffin_aligned_coffin=\box53
\l__coffin_aligned_internal_coffin=\box54
\l_tmpa_coffin=\box55
\l_tmpb_coffin=\box56
\l__coffin_display_coffin=\box57
\l__coffin_display_coord_coffin=\box58
\l__coffin_display_pole_coffin=\box59
\l__coffin_display_offset_dim=\dimen148
\l__coffin_display_x_dim=\dimen149
\l__coffin_display_y_dim=\dimen150
L3 Module: l3color 2014/08/23 v5354 L3 Experimental color support
L3 Module: l3sys 2015/09/25 v6087 L3 Experimental system/runtime functions
L3 Module: l3candidates 2016/01/14 v6376 L3 Experimental additions to l3kernel
\l__box_top_dim=\dimen151
\l__box_bottom_dim=\dimen152
\l__box_left_dim=\dimen153
\l__box_right_dim=\dimen154
\l__box_top_new_dim=\dimen155
\l__box_bottom_new_dim=\dimen156
\l__box_left_new_dim=\dimen157
\l__box_right_new_dim=\dimen158
\l__box_internal_box=\box60
\l__coffin_bounding_shift_dim=\dimen159
\l__coffin_left_corner_dim=\dimen160
\l__coffin_right_corner_dim=\dimen161
\l__coffin_bottom_corner_dim=\dimen162
\l__coffin_top_corner_dim=\dimen163
\l__coffin_scaled_total_height_dim=\dimen164
\l__coffin_scaled_width_dim=\dimen165
L3 Module: l3luatex 2015/11/11 v6250 L3 Experimental LuaTeX-specific functions
)
("C:\Program Files (x86)\MiKTeX 2.9\tex\latex\l3kernel\l3pdfmode.def"
File: l3pdfmode.def 2015/11/11 v6250 L3 Experimental driver: PDF mode
\l__driver_color_stack_int=\count148
))
("C:\Program Files (x86)\MiKTeX 2.9\tex\latex\l3packages\xparse\xparse.sty"
Package: xparse 2016/01/19 v6377 L3 Experimental document command parser
\l__xparse_current_arg_int=\count149
\l__xparse_m_args_int=\count150
\l__xparse_mandatory_args_int=\count151
\l__xparse_processor_int=\count152
\l__xparse_v_nesting_int=\count153
)
Package: siunitx 2016/01/19 v2.6p A comprehensive (SI) units package

("C:\Program Files (x86)\MiKTeX 2.9\tex\latex\tools\array.sty"
Package: array 2014/10/28 v2.4c Tabular extension package (FMi)
\col@sep=\dimen166
\extrarowheight=\dimen167
\NC@list=\toks34
\extratabsurround=\skip78
\backup@length=\skip79
)
("C:\Program Files (x86)\MiKTeX 2.9\tex\latex\l3packages\l3keys2e\l3keys2e.sty"
Package: l3keys2e 2016/01/19 v6377 LaTeX2e option processing using LaTeX3 keys
)
\l__siunitx_tmp_box=\box61
\l__siunitx_tmp_dim=\dimen168
\l__siunitx_tmp_int=\count154
\l__siunitx_number_mantissa_length_int=\count155
\l__siunitx_number_uncert_length_int=\count156
\l__siunitx_round_int=\count157
\l__siunitx_process_decimal_int=\count158
\l__siunitx_process_uncertainty_int=\count159
\l__siunitx_process_fixed_int=\count160
\l__siunitx_process_integer_min_int=\count161
\l__siunitx_process_precision_int=\count162
\l__siunitx_group_min_int=\count163
\l__siunitx_angle_marker_box=\box62
\l__siunitx_angle_unit_box=\box63
\l__siunitx_angle_marker_dim=\dimen169
\l__siunitx_angle_unit_dim=\dimen170
\l__siunitx_unit_int=\count164
\l__siunitx_unit_denominator_int=\count165
\l__siunitx_unit_numerator_int=\count166
\l__siunitx_unit_prefix_int=\count167
\l__siunitx_unit_prefix_base_int=\count168
\l__siunitx_unit_prefix_gram_int=\count169
\l__siunitx_number_product_int=\count170
\c__siunitx_one_fill_skip=\skip80
\l__siunitx_table_unit_align_skip=\skip81
\l__siunitx_table_exponent_dim=\dimen171
\l__siunitx_table_integer_dim=\dimen172
\l__siunitx_table_mantissa_dim=\dimen173
\l__siunitx_table_marker_dim=\dimen174
\l__siunitx_table_result_dim=\dimen175
\l__siunitx_table_uncert_dim=\dimen176
\l__siunitx_table_fill_pre_dim=\dimen177
\l__siunitx_table_fill_post_dim=\dimen178
\l__siunitx_table_fill_mid_dim=\dimen179
\l__siunitx_table_pre_box=\box64
\l__siunitx_table_post_box=\box65
\l__siunitx_table_mantissa_box=\box66
\l__siunitx_table_result_box=\box67
\l__siunitx_table_number_align_skip=\skip82
\l__siunitx_table_text_align_skip=\skip83
.................................................
. LaTeX info: "xparse/define-command"
. 
. Defining command \DeclareBinaryPrefix with sig. 'mmm' on line 7218.
.................................................
.................................................
. LaTeX info: "xparse/define-command"
. 
. Defining command \DeclareSIPostPower with sig. 'mm' on line 7221.
.................................................
.................................................
. LaTeX info: "xparse/define-command"
. 
. Defining command \DeclareSIPrefix with sig. 'mmm' on line 7224.
.................................................
.................................................
. LaTeX info: "xparse/define-command"
. 
. Defining command \DeclareSIPrePower with sig. 'mm' on line 7227.
.................................................
.................................................
. LaTeX info: "xparse/define-command"
. 
. Defining command \DeclareSIQualifier with sig. 'mm' on line 7230.
.................................................
.................................................
. LaTeX info: "xparse/define-command"
. 
. Defining command \DeclareSIUnit with sig. 'O{}mm' on line 7233.
.................................................
.................................................
. LaTeX info: "xparse/define-command"
. 
. Defining command \DeclareSIUnitWithOptions with sig. 'mmm' on line 7236.
.................................................
.................................................
. LaTeX info: "xparse/define-command"
. 
. Defining command \ang with sig. 'o>{\SplitArgument {2}{;}}m' on line 7251.
.................................................
.................................................
. LaTeX info: "xparse/define-command"
. 
. Defining command \num with sig. 'om' on line 7259.
.................................................
.................................................
. LaTeX info: "xparse/define-command"
. 
. Defining command \numlist with sig. 'o>{\SplitList {;}}m' on line 7267.
.................................................
.................................................
. LaTeX info: "xparse/define-command"
. 
. Defining command \numrange with sig. 'omm' on line 7275.
.................................................
.................................................
. LaTeX info: "xparse/define-command"
. 
. Defining command \SIlist with sig. 'o>{\SplitList {;}}mm' on line 7286.
.................................................
.................................................
. LaTeX info: "xparse/define-command"
. 
. Defining command \SIrange with sig. 'ommm' on line 7297.
.................................................
.................................................
. LaTeX info: "xparse/define-command"
. 
. Defining command \SI with sig. 'omom' on line 7308.
.................................................
.................................................
. LaTeX info: "xparse/define-command"
. 
. Defining command \sisetup with sig. 'm' on line 7311.
.................................................
.................................................
. LaTeX info: "xparse/define-command"
. 
. Defining command \tablenum with sig. 'om' on line 7323.
.................................................
.................................................
. LaTeX info: "xparse/define-command"
. 
. Defining command \si with sig. 'om' on line 7334.
.................................................
.................................................
. LaTeX info: "xparse/define-command"
. 
. Defining command \__siunitx_bookmark_num:w with sig. 'om' on line 7381.
.................................................
.................................................
. LaTeX info: "xparse/define-command"
. 
. Defining command \__siunitx_bookmark_numrange:w with sig. 'omm' on line
. 7383.
.................................................
.................................................
. LaTeX info: "xparse/define-command"
. 
. Defining command \__siunitx_bookmark_SI:w with sig. 'omom' on line 7385.
.................................................
.................................................
. LaTeX info: "xparse/define-command"
. 
. Defining command \__siunitx_bookmark_SIlist:w with sig. 'omm' on line 7387.
.................................................
.................................................
. LaTeX info: "xparse/define-command"
. 
. Defining command \__siunitx_bookmark_SIrange:w with sig. 'ommm' on line
. 7389.
.................................................
.................................................
. LaTeX info: "xparse/define-command"
. 
. Defining command \__siunitx_bookmark_si:w with sig. 'om' on line 7390.
.................................................
\g__file_internal_ior=\read2

("C:\Program Files (x86)\MiKTeX 2.9\tex\latex\beamer\base\translator\translator
.sty"
Package: translator 2010/06/12 ver 1.10

("C:\Program Files (x86)\MiKTeX 2.9\tex\latex\beamer\base\translator\translator
-language-mappings.tex")))
("C:\Program Files (x86)\MiKTeX 2.9\tex\latex\tools\dcolumn.sty"
Package: dcolumn 2014/10/28 v1.06 decimal alignment package (DPC)
)
("C:\Program Files (x86)\MiKTeX 2.9\tex\latex\booktabs\booktabs.sty"
Package: booktabs 2005/04/14 v1.61803 publication quality tables
\heavyrulewidth=\dimen180
\lightrulewidth=\dimen181
\cmidrulewidth=\dimen182
\belowrulesep=\dimen183
\belowbottomsep=\dimen184
\aboverulesep=\dimen185
\abovetopsep=\dimen186
\cmidrulesep=\dimen187
\cmidrulekern=\dimen188
\defaultaddspace=\dimen189
\@cmidla=\count171
\@cmidlb=\count172
\@aboverulesep=\dimen190
\@belowrulesep=\dimen191
\@thisruleclass=\count173
\@lastruleclass=\count174
\@thisrulewidth=\dimen192
)
("C:\Program Files (x86)\MiKTeX 2.9\tex\latex\multirow\multirow.sty"
\bigstrutjot=\dimen193
)
("C:\Program Files (x86)\MiKTeX 2.9\tex\latex\threeparttable\threeparttable.sty
"
Package: threeparttable 2003/06/13  v 3.0
\@tempboxb=\box68
) ("C:\Program Files (x86)\MiKTeX 2.9\tex\latex\etoolbox\etoolbox.sty"
Package: etoolbox 2015/08/02 v2.2a e-TeX tools for LaTeX (JAW)
\etb@tempcnta=\count175
)
("C:\Program Files (x86)\MiKTeX 2.9\tex\generic\babel\babel.sty"
Package: babel 2015/08/03 3.9m The Babel package

*************************************
* Local config file bblopts.cfg used
*
("C:\Program Files (x86)\MiKTeX 2.9\tex\latex\00miktex\bblopts.cfg"
File: bblopts.cfg 2006/07/31 v1.0 MiKTeX 'babel' configuration
)
("C:\Program Files (x86)\MiKTeX 2.9\tex\latex\babel-spanish\spanish.ldf"
Language: spanish.ldf 2016/01/15 v5.0o Spanish support from the babel system

("C:\Program Files (x86)\MiKTeX 2.9\tex\generic\babel\babel.def"
File: babel.def 2015/08/03 3.9m Babel common definitions
\babel@savecnt=\count176
\U@D=\dimen194
)
\es@quottoks=\toks35
\es@quotdepth=\count177
Package babel Info: Making " an active character on input line 533.
Package babel Info: Making . an active character on input line 634.
Package babel Info: Making < an active character on input line 679.
Package babel Info: Making > an active character on input line 679.
))
("C:\Program Files (x86)\MiKTeX 2.9\tex\latex\base\inputenc.sty"
Package: inputenc 2015/03/17 v1.2c Input encoding file
\inpenc@prehook=\toks36
\inpenc@posthook=\toks37

("C:\Program Files (x86)\MiKTeX 2.9\tex\latex\base\latin1.def"
File: latin1.def 2015/03/17 v1.2c Input encoding file
))
\c@definicion=\count178
\c@propiedad=\count179
\c@afirmacion=\count180
\c@lema=\count181
\c@proposicion=\count182
\c@teorema=\count183
\c@corolario=\count184
\c@pf=\count185
\c@ejemplo=\count186
\c@comentario=\count187

(puctesis_ejemplo.aux
LaTeX Info: Redefining \. on input line 23.
LaTeX Info: Redefining \% on input line 23.
)
LaTeX Font Info:    Checking defaults for OML/cmm/m/it on input line 133.
LaTeX Font Info:    ... okay on input line 133.
LaTeX Font Info:    Checking defaults for T1/cmr/m/n on input line 133.
LaTeX Font Info:    ... okay on input line 133.
LaTeX Font Info:    Checking defaults for OT1/cmr/m/n on input line 133.
LaTeX Font Info:    ... okay on input line 133.
LaTeX Font Info:    Checking defaults for OMS/cmsy/m/n on input line 133.
LaTeX Font Info:    ... okay on input line 133.
LaTeX Font Info:    Checking defaults for OMX/cmex/m/n on input line 133.
LaTeX Font Info:    ... okay on input line 133.
LaTeX Font Info:    Checking defaults for U/cmr/m/n on input line 133.
LaTeX Font Info:    ... okay on input line 133.
LaTeX Font Info:    Checking defaults for PD1/pdf/m/n on input line 133.
LaTeX Font Info:    ... okay on input line 133.
LaTeX Font Info:    Try loading font information for OT1+ptm on input line 133.


("C:\Program Files (x86)\MiKTeX 2.9\tex\latex\psnfss\ot1ptm.fd"
File: ot1ptm.fd 2001/06/04 font definitions for OT1/ptm.
)
LaTeX Font Info:    Try loading font information for U+msa on input line 133.

("C:\Program Files (x86)\MiKTeX 2.9\tex\latex\amsfonts\umsa.fd"
File: umsa.fd 2013/01/14 v3.01 AMS symbols A
)
LaTeX Font Info:    Try loading font information for U+msb on input line 133.

("C:\Program Files (x86)\MiKTeX 2.9\tex\latex\amsfonts\umsb.fd"
File: umsb.fd 2013/01/14 v3.01 AMS symbols B
)
("C:\Program Files (x86)\MiKTeX 2.9\tex\context\base\supp-pdf.mkii"
[Loading MPS to PDF converter (version 2006.09.02).]
\scratchcounter=\count188
\scratchdimen=\dimen195
\scratchbox=\box69
\nofMPsegments=\count189
\nofMParguments=\count190
\everyMPshowfont=\toks38
\MPscratchCnt=\count191
\MPscratchDim=\dimen196
\MPnumerator=\count192
\makeMPintoPDFobject=\count193
\everyMPtoPDFconversion=\toks39
)
\AtBeginShipoutBox=\box70
 ("C:\Program Files (x86)\MiKTeX 2.9\tex\latex\graphics\color.sty"
Package: color 2014/10/28 v1.1a Standard LaTeX Color (DPC)

("C:\Program Files (x86)\MiKTeX 2.9\tex\latex\00miktex\color.cfg"
File: color.cfg 2007/01/18 v1.5 color configuration of teTeX/TeXLive
)
Package color Info: Driver file: pdftex.def on input line 142.
)
Package hyperref Info: Link coloring ON on input line 133.

("C:\Program Files (x86)\MiKTeX 2.9\tex\latex\hyperref\nameref.sty"
Package: nameref 2012/10/27 v2.43 Cross-referencing by name of section

("C:\Program Files (x86)\MiKTeX 2.9\tex\generic\oberdiek\gettitlestring.sty"
Package: gettitlestring 2010/12/03 v1.4 Cleanup title references (HO)
)
\c@section@level=\count194
)
LaTeX Info: Redefining \ref on input line 133.
LaTeX Info: Redefining \pageref on input line 133.
LaTeX Info: Redefining \nameref on input line 133.

(puctesis_ejemplo.out) (puctesis_ejemplo.out)
\@outlinefile=\write4
\c@maskedRefs=\count195

("C:\Program Files (x86)\MiKTeX 2.9\tex\latex\apacite\spanish.apc"
File: spanish.apc 2013/07/21 v6.03 apacite language file
LaTeX Info: Redefining \BPBI on input line 138.
LaTeX Info: Redefining \BHBI on input line 139.
)
Package caption Info: Begin \AtBeginDocument code.
Package caption Info: float package is loaded.
Package caption Info: longtable package is loaded.

("C:\Program Files (x86)\MiKTeX 2.9\tex\latex\caption\ltcaption.sty"
Package: ltcaption 2013/06/09 v1.4-94 longtable captions (AR)
)
Package caption Info: threeparttable package is loaded.
Package caption Info: End \AtBeginDocument code.

("C:\Program Files (x86)\MiKTeX 2.9\tex\latex\beamer\base\translator\dicts\tran
slator-basic-dictionary\translator-basic-dictionary-English.dict"
Dictionary: translator-basic-dictionary, Language: English 
)
("C:\Program Files (x86)\MiKTeX 2.9\tex\latex\siunitx\siunitx-abbreviations.cfg
"
File: siunitx-abbreviations.cfg 2016/01/19 v2.6p siunitx: Abbreviated units
)
LaTeX Info: Redefining \. on input line 133.
LaTeX Info: Redefining \% on input line 133.
\c__siunitx_mathsf_int=\count196
\c__siunitx_mathtt_int=\count197
 <logouc_23x30p38mm.pdf, id=205, 614.295pt x 794.97pt>
File: logouc_23x30p38mm.pdf Graphic file (type pdf)

<use logouc_23x30p38mm.pdf>
Package pdftex.def Info: logouc_23x30p38mm.pdf used on input line 184.
(pdftex.def)             Requested size: 65.45203pt x 86.45848pt.

Overfull \hbox (42.67912pt too wide) in paragraph at lines 184--184
| [] 
 []

LaTeX Font Info:    Font shape `OT1/ptm/bx/n' in size <12> not available
(Font)              Font shape `OT1/ptm/b/n' tried instead on input line 184.
LaTeX Font Info:    Font shape `OT1/ptm/bx/n' in size <17.28> not available
(Font)              Font shape `OT1/ptm/b/n' tried instead on input line 184.

Overfull \hbox (43.67912pt too wide) in paragraph at lines 184--184
[] [] 
 []

LaTeX Font Info:    Font shape `OT1/ptm/bx/n' in size <14.4> not available
(Font)              Font shape `OT1/ptm/b/n' tried instead on input line 184.

Overfull \hbox (43.67912pt too wide) in paragraph at lines 184--184
[] [] 
 []


Overfull \hbox (12.595pt too wide) in paragraph at lines 184--184
[] [] 
 []


Overfull \hbox (12.595pt too wide) in paragraph at lines 184--184
[] [] 
 []


Overfull \hbox (12.595pt too wide) in paragraph at lines 184--184
[] [] 
 []

LaTeX Font Info:    Try loading font information for OMS+ptm on input line 184.

("C:\Program Files (x86)\MiKTeX 2.9\tex\latex\psnfss\omsptm.fd"
File: omsptm.fd 
)
LaTeX Font Info:    Font shape `OMS/ptm/m/n' in size <10> not available
(Font)              Font shape `OMS/cmsy/m/n' tried instead on input line 184.

Overfull \hbox (12.595pt too wide) in paragraph at lines 184--184
[] [] 
 []

[1

{C:/Users/Roberto/AppData/Local/MiKTeX/2.9/pdftex/config/pdftex.map} <./logouc_
23x30p38mm.pdf>]
File: logouc_23x30p38mm.pdf Graphic file (type pdf)
 <use logouc_23x30p38mm.pdf>
Package pdftex.def Info: logouc_23x30p38mm.pdf used on input line 184.
(pdftex.def)             Requested size: 65.45203pt x 86.45848pt.

Overfull \hbox (42.67912pt too wide) in paragraph at lines 184--184
| [] 
 []


Overfull \hbox (43.67912pt too wide) in paragraph at lines 184--184
[] [] 
 []


Overfull \hbox (43.67912pt too wide) in paragraph at lines 184--184
[] [] 
 []


Overfull \hbox (12.595pt too wide) in paragraph at lines 184--184
[] [] 
 []


Overfull \hbox (12.595pt too wide) in paragraph at lines 184--184
[] [] 
 []


Overfull \hbox (12.595pt too wide) in paragraph at lines 184--184
[] [] 
 []


Overfull \hbox (12.595pt too wide) in paragraph at lines 184--184
[] [] 
 []

[2



] [3



]
AGRADECIMIENTOS
LaTeX Font Info:    Try loading font information for OT1+pcr on input line 205.

("C:\Program Files (x86)\MiKTeX 2.9\tex\latex\psnfss\ot1pcr.fd"
File: ot1pcr.fd 2001/06/04 font definitions for OT1/pcr.
)
Underfull \hbox (badness 10000) in paragraph at lines 211--212

 []


Underfull \hbox (badness 10000) in paragraph at lines 229--230

 []


Underfull \hbox (badness 10000) in paragraph at lines 242--243

 []

[4



]
INDICE GENERAL
(puctesis_ejemplo.toc
LaTeX Info: Redefining \. on input line 1.
LaTeX Info: Redefining \% on input line 1.
 [5




])
\tf@toc=\write5
 [6] [7]
INDICE DE FIGURAS
(puctesis_ejemplo.lof
LaTeX Info: Redefining \. on input line 1.
LaTeX Info: Redefining \% on input line 1.
)
\tf@lof=\write6
 [8


]
INDICE DE TABLAS
(puctesis_ejemplo.lot
LaTeX Info: Redefining \. on input line 1.
LaTeX Info: Redefining \% on input line 1.
)
\tf@lot=\write7
 [9


] (texs/resumen.tex
RESUMEN
)
Underfull \hbox (badness 10000) in paragraph at lines 20--291

 []

(texs/abstract.tex [10




]
ABSTRACT
) [11


]
 1

Overfull \hbox (5.28003pt too wide) in paragraph at lines 312--312
 \OT1/ptm/b/n/12 1.[] 
 []

[1




]
 2

Overfull \hbox (5.28003pt too wide) in paragraph at lines 317--317
 \OT1/ptm/b/n/12 2.[] 
 []


Underfull \vbox (badness 10000) has occurred while \output is active []

 [2


]
[3] [4]
 3

Overfull \hbox (5.28003pt too wide) in paragraph at lines 363--363
 \OT1/ptm/b/n/12 3.[] 
 []


LaTeX Warning: Reference `ap:our_list' on page 5 undefined on input line 372.


Underfull \vbox (badness 10000) has occurred while \output is active []

 [5


]
<Figures/World_vsimple.pdf, id=396, 733.61816pt x 284.02223pt>
File: Figures/World_vsimple.pdf Graphic file (type pdf)

<use Figures/World_vsimple.pdf>
Package pdftex.def Info: Figures/World_vsimple.pdf used on input line 377.
(pdftex.def)             Requested size: 433.62pt x 167.87936pt.

<Figures/Year_distribution.pdf, id=397, 246.69107pt x 96.31514pt>
File: Figures/Year_distribution.pdf Graphic file (type pdf)

<use Figures/Year_distribution.pdf>
Package pdftex.def Info: Figures/Year_distribution.pdf used on input line 384.
(pdftex.def)             Requested size: 346.89731pt x 135.43985pt.
 [6 <./Figures/World_vsimple.pdf> <./Figures/Year_distribution.pdf

pdfTeX warning: pdflatex.exe (file ./Figures/Year_distribution.pdf): PDF inclus
ion: multiple pdfs with page group included in a single page
>] [7] <Figures/Figura_BF.pdf, id=456, 614.53233pt x 172.56369pt>
File: Figures/Figura_BF.pdf Graphic file (type pdf)

<use Figures/Figura_BF.pdf>
Package pdftex.def Info: Figures/Figura_BF.pdf used on input line 415.
(pdftex.def)             Requested size: 433.62pt x 121.76799pt.

Underfull \vbox (badness 10000) has occurred while \output is active []

 [8 <./Figures/Figura_BF.pdf>] [9]
 4

Overfull \hbox (5.28003pt too wide) in paragraph at lines 436--436
 \OT1/ptm/b/n/12 4.[] 
 []

[10


]
 5

Overfull \hbox (5.28003pt too wide) in paragraph at lines 440--440
 \OT1/ptm/b/n/12 5.[] 
 []

[11


]
 6

Overfull \hbox (5.28003pt too wide) in paragraph at lines 446--446
 \OT1/ptm/b/n/12 6.[] 
 []

LaTeX Font Info:    Try loading font information for OT1+phv on input line 452.

("C:\Program Files (x86)\MiKTeX 2.9\tex\latex\psnfss\ot1phv.fd"
File: ot1phv.fd 2001/06/04 scalable font definitions for OT1/phv.
)
Underfull \vbox (badness 10000) has occurred while \output is active []

 [12


]
Overfull \hbox (7.63686pt too wide) in paragraph at lines 474--475
[]\OT1/ptm/m/n/12 El co-man-do []\OT1/pcr/m/n/12 \fullciteA \OT1/ptm/m/n/12 (ta
m-bi[]en []\OT1/pcr/m/n/12 \citeA\OT1/ptm/m/n/12 , []\OT1/pcr/m/n/12 \shortcite
A\OT1/ptm/m/n/12 ) es em-plea-do cuan-
 []


Overfull \hbox (50.72173pt too wide) in paragraph at lines 476--477
[]\OT1/ptm/m/n/12 El co-man-do []\OT1/pcr/m/n/12 \citeyear \OT1/ptm/m/n/12 ge-n
e-ra el a[]no del do-cu-men-to en-tre par[]ente-sis. Use []\OT1/pcr/m/n/12 \cit
eyearNP
 []


Underfull \vbox (badness 10000) has occurred while \output is active []

 [13]
Overfull \hbox (15.10017pt too wide) in paragraph at lines 483--484
\OT1/ptm/m/n/12 man-do []\OT1/pcr/m/n/12 \cite[pp. 32--35]{Label}\OT1/ptm/m/n/1
2 . Por ejem-plo, []\OT1/pcr/m/n/12 \cite[pp. 43--54]{KNU88}
 []


Underfull \vbox (badness 10000) has occurred while \output is active []

 [14]
Underfull \vbox (badness 10000) has occurred while \output is active []

 [15]
Overfull \hbox (24.18942pt too wide) in paragraph at lines 529--530
\OT1/ptm/m/n/12 ce-na-das en los ar-chi-vos []\OT1/pcr/m/n/12 .bib\OT1/ptm/m/n/
12 , por ejem-plo, []\OT1/pcr/m/n/12 refs1.bib\OT1/ptm/m/n/12 , []\OT1/pcr/m/n/
12 refs2.bib\OT1/ptm/m/n/12 , []\OT1/pcr/m/n/12 refs3.bib\OT1/ptm/m/n/12 ,
 []

[16]
LaTeX Font Info:    Font shape `OT1/ptm/bx/sc' in size <12> not available
(Font)              Font shape `OT1/ptm/b/sc' tried instead on input line 557.
 [17] [18]
Overfull \hbox (19.70946pt too wide) in paragraph at lines 664--664
[]  \OT1/pcr/m/n/10.95 author =       {D. W. Taylor and P. N. Johnson and W. T.
 Faulkner},[] 
 []


Overfull \hbox (13.13947pt too wide) in paragraph at lines 664--664
[]  \OT1/pcr/m/n/10.95 title =        {Local area radio navigation: a tool for 
GPS-denied[] 
 []


Overfull \hbox (6.56947pt too wide) in paragraph at lines 686--686
[]                  \OT1/pcr/m/n/10.95 Rock Quality Parameters in Scandinavian 
Tunnels},[] 
 []


Underfull \vbox (badness 10000) has occurred while \output is active []

 [19]
Overfull \hbox (13.13947pt too wide) in paragraph at lines 708--708
[]  \OT1/pcr/m/n/10.95 title =        {Control of Nonholonomic Systems with Dri
ft Terms},[] 
 []

[20]
Underfull \vbox (badness 10000) has occurred while \output is active []

 [21]
[22]
 7

Overfull \hbox (5.28003pt too wide) in paragraph at lines 795--795
 \OT1/ptm/b/n/12 7.[] 
 []

[23


] [24] [25] [26]
 8

Overfull \hbox (5.28003pt too wide) in paragraph at lines 880--880
 \OT1/ptm/b/n/12 8.[] 
 []


Underfull \vbox (badness 10000) has occurred while \output is active []

 [27


]
(puctesis_ejemplo.bbl [28]
BIBLIOGRAFIA

Underfull \vbox (badness 10000) has occurred while \output is active []

 [29


]
Underfull \vbox (badness 10000) has occurred while \output is active []

 [30]
Underfull \vbox (badness 10000) has occurred while \output is active []

 [31]
Underfull \vbox (badness 10000) has occurred while \output is active []

 [32]
Underfull \hbox (badness 3838) in paragraph at lines 928--948
$\OT1/pcr/m/n/12 .org / citation [] .cfm [] ?doid = 1979742 [] .1979614$[][]   
\OT1/ptm/m/n/12 doi: $10 [] .1145 / 1979742 []$
 []


Underfull \vbox (badness 10000) has occurred while \output is active []

 [33]
Underfull \vbox (badness 10000) has occurred while \output is active []

 [34]
Underfull \hbox (badness 2012) in paragraph at lines 1377--1391
[]\OT1/ptm/m/n/12 Marshall, M. G., y Jag-gers, K.  (2012).  Po-lity iv pro-ject
: Po-li-ti-cal re-gi-me
 []


Underfull \hbox (badness 1137) in paragraph at lines 1377--1391
\OT1/ptm/m/n/12 cha-rac-te-ris-tics and tran-si-tions, 1800-2012.  \OT1/ptm/m/i
t/12 On-line (http://www. sys-te-mic-pea-ce.
 []


Underfull \vbox (badness 10000) has occurred while \output is active []

 [35]
Underfull \hbox (badness 10000) in paragraph at lines 1754--1772
$\OT1/pcr/m/n/12 ejwl [] .idm [] .oclc [] .org / login [] ?url = http :// searc
h [] .ebscohost [] .com /$
 []


Underfull \hbox (badness 10000) in paragraph at lines 1754--1772
$\OT1/pcr/m/n/12 login [] .aspx [] ?direct = true{&}db = sih{&}AN = 9208170745{
&}site =$
 []


Underfull \vbox (badness 10000) has occurred while \output is active []

 [36]
LaTeX Font Info:    Font shape `OT1/pcr/m/it' in size <12> not available
(Font)              Font shape `OT1/pcr/m/sl' tried instead on input line 1889.

)
[37]pdfTeX warning (ext4): destination with the same identifier (name{chapter.1
}) has been already used, duplicate ignored
<to be read again> 
                   \relax 
\HyWrap@new@pdflink ... \Hy@pstringDest \@pdfview 
                                                  \Hy@RestoreLastskip \ifhmo...

\hyper@anchorstart #1->\new@pdflink {#1}
                                        \Hy@activeanchortrue 
<argument> \hyper@anchorstart {\@currentHref }
                                              \hyper@anchorend 
\Hy@raisedlink #1->\ifvmode #1
                              \else \Hy@SaveSpaceFactor \penalty \@M \smash ...

\hyper@refstepcounter ...tHref }\hyper@anchorend }
                                                  \fi 
...
l.944 \chapter{DISTRIBUCION DEL PAQUETE DE TESIS}
                                                 \label{ap:puctesis}
ANEXO A

Overfull \hbox (5.27931pt too wide) in paragraph at lines 944--944
\OT1/ptm/b/n/12 ANEXO A.[] 
 []

(LEEME.txt
Underfull \vbox (badness 10000) has occurred while \output is active []

 [38


]
Overfull \hbox (19.38pt too wide) in paragraph at lines 50--50
[]\OT1/pcr/m/n/10 El uso de estos paquetes no es obligatorio, pero pueden resul
tar []utiles. 
 []


Overfull \hbox (1.38pt too wide) in paragraph at lines 51--51
[]\OT1/pcr/m/n/10 Estos paquetes se incluyen con la distribuci[]on de puctesis 
porque son 
 []


Underfull \vbox (badness 10000) has occurred while \output is active []

 [39])
[40] (puctesis_plantilla.tex
Overfull \hbox (10.38pt too wide) in paragraph at lines 26--26
[]\OT1/pcr/m/n/10 % en castellano en vez de acentos LaTeX tradicionales, e.j. \
'a, \'e, etc. 
 []


Underfull \vbox (badness 10000) has occurred while \output is active []

 [41]
Underfull \vbox (badness 10000) has occurred while \output is active []

 [42]
[43]
Overfull \hbox (4.38pt too wide) in paragraph at lines 114--114
[]\OT1/pcr/m/n/10 \degree       {Ingeniero Civil de Industrias, con Diploma en 
Ingenier\'ia
 []


Overfull \hbox (4.38pt too wide) in paragraph at lines 136--136
[]\OT1/pcr/m/n/10 \NoChapterPageNumberCentered   % elimina encabezado - pie de 
pagina de la 
 []


Underfull \vbox (badness 10000) has occurred while \output is active []

 [44]
Overfull \hbox (10.38pt too wide) in paragraph at lines 160--160
[]\OT1/pcr/m/n/10 Escriba en un estilo sobrio sus agradecimientos a quienes con
tribuyeron en
 []


Overfull \hbox (10.38pt too wide) in paragraph at lines 173--173
[]                 \OT1/pcr/m/n/10 % a la cuenta absoluta), produciendo una pag
ina en blanco 
 []


Underfull \vbox (badness 10000) has occurred while \output is active []

 [45]
Overfull \hbox (10.38pt too wide) in paragraph at lines 191--191
[]                 \OT1/pcr/m/n/10 % a la cuenta absoluta), produciendo una pag
ina en blanco 
 []


Overfull \hbox (34.38pt too wide) in paragraph at lines 205--205
[]\OT1/pcr/m/n/10 El resumen debe contener entre 100 y 300 palabras. El resumen
 debe ser escrito
 []


Overfull \hbox (4.38pt too wide) in paragraph at lines 205--205
\OT1/pcr/m/n/10 en ingl\'es y espa\~nol.  En el caso de tesis de doctorado, el 
formato de
 []


Overfull \hbox (40.38pt too wide) in paragraph at lines 205--205
\OT1/pcr/m/n/10 la p\'agina del resumen es distinta, por favor verifique la pla
ntilla entregada
 []


Overfull \hbox (4.38pt too wide) in paragraph at lines 217--217
[]  \OT1/pcr/m/n/10 palabras claves relevantes y estr\'ictamente relacionadas a
l tema de la
 []


Underfull \vbox (badness 10000) has occurred while \output is active []

 [46]
Overfull \hbox (10.38pt too wide) in paragraph at lines 224--224
[]\OT1/pcr/m/n/10 The abstract must contain between 100 and 300 words.  The abs
tract must be
 []


Overfull \hbox (16.38pt too wide) in paragraph at lines 224--224
\OT1/pcr/m/n/10 written in English and Spanish.  In the case of doctoral theses
, the layout
 []


Overfull \hbox (16.38pt too wide) in paragraph at lines 224--224
\OT1/pcr/m/n/10 of the abstract page is different, so please check the template
 provided by
 []


Overfull \hbox (4.38pt too wide) in paragraph at lines 250--250
[]\OT1/pcr/m/n/10 \NoChapterPageNumber           % elimina encabezado - pie de 
pagina de la 
 []


Underfull \vbox (badness 10000) has occurred while \output is active []

 [47]
Overfull \hbox (4.38pt too wide) in paragraph at lines 276--276
[]\OT1/pcr/m/n/10 \chapter[SUPUESTOS BASICOS Y RESULTADOS PRELIMINARES]{SUPUEST
OS BASICOS Y
 []


Overfull \hbox (70.38pt too wide) in paragraph at lines 281--281
[]\OT1/pcr/m/n/10 Esta secci\'on introduce algunas nociones preliminares y ante
cedentes matem\'aticos.
 []


Overfull \hbox (16.38pt too wide) in paragraph at lines 281--281
\OT1/pcr/m/n/10 La siguiente es una cita~\cite{CYB00,CYB12} a dos trabajos de A
. Cyborg, el
 []


Overfull \hbox (34.38pt too wide) in paragraph at lines 281--281
\OT1/pcr/m/n/10 primero publicado en el a\~no 3000, el segundo es uno de sus tr
abajos pioneros
 []


Underfull \vbox (badness 10000) has occurred while \output is active []

 [48]
Overfull \hbox (16.38pt too wide) in paragraph at lines 304--304
[]\OT1/pcr/m/n/10 \chapter[IMPLEMENTACION Y PRUEBAS]{IMPLEMENTACION Y METODOLOG
IA DE PRUEBAS} 
 []


Underfull \vbox (badness 10000) has occurred while \output is active []

 [49]
Overfull \hbox (4.38pt too wide) in paragraph at lines 337--337
[]\OT1/pcr/m/n/10 %\nocite{*} % Para hacer que todas la referencias no citadas 
aparezcan en
 []


Overfull \hbox (10.38pt too wide) in paragraph at lines 338--338
[]            \OT1/pcr/m/n/10 % bibliography.  No debe utilizarse para la versi
\'on final de
 []


Overfull \hbox (10.38pt too wide) in paragraph at lines 366--366
[]\OT1/pcr/m/n/10 %%%\addcontentsline{toc}{chapter}{\protect\numberline{\thecha
pter}{Index}} 
 []


Underfull \vbox (badness 10000) has occurred while \output is active []

 [50])
[51] (abbrev.bib
Overfull \hbox (31.9803pt too wide) in paragraph at lines 8--8
[]\OT1/pcr/m/n/8 %Applied Mathematics and Optimization. An International Journa
l with Applications to Stochastics.
 []


Overfull \hbox (7.98029pt too wide) in paragraph at lines 10--10
[]\OT1/pcr/m/n/8 %Automatica. A Journal of IFAC, the International Federation o
f Automatic Control. Pergamon,
 []


Overfull \hbox (27.1803pt too wide) in paragraph at lines 12--12
[]\OT1/pcr/m/n/8 %Computer Physics Communications. An International Journal and
 Program Library for Computational
 []


Overfull \hbox (41.5803pt too wide) in paragraph at lines 15--15
[]\OT1/pcr/m/n/8 %MAIK ``Nauka/Interperiodika'', Moscow. (Physics section trans
lated in Dokl. Phys.) ISSN 0869-5652. 
 []


Overfull \hbox (17.58029pt too wide) in paragraph at lines 25--25
[]\OT1/pcr/m/n/8 %IMHOTEP. Journal Africain de Mathematiques Pures et Appliqu
ees. African Journal of Pure and
 []


Overfull \hbox (27.1803pt too wide) in paragraph at lines 29--29
[]\OT1/pcr/m/n/8 %Journal of Mathematical Analysis and Applications. Academic P
ress, Orlando, FL. ISSN 0022-247X. 
 []


Overfull \hbox (27.1803pt too wide) in paragraph at lines 39--39
[]\OT1/pcr/m/n/8 %Memoirs of the American Mathematical Society. Amer. Math. Soc
., Providence, RI. ISSN 0065-9266. 
 []


Underfull \vbox (badness 10000) has occurred while \output is active []

 [52]
Overfull \hbox (46.38031pt too wide) in paragraph at lines 54--54
[]\OT1/pcr/m/n/8 %Proceedings of the American Mathematical Society. Amer. Math.
 Soc., Providence, RI. ISSN 0002-9939. 
 []


Underfull \vbox (badness 10000) has occurred while \output is active []

 [53])
[54] (puctesis_refs.bib
Underfull \vbox (badness 10000) has occurred while \output is active []

 [55]
Underfull \vbox (badness 10000) has occurred while \output is active []

 [56]
Underfull \vbox (badness 10000) has occurred while \output is active []

 [57]
Underfull \vbox (badness 10000) has occurred while \output is active []

 [58]
Underfull \vbox (badness 10000) has occurred while \output is active []

 [59]
Overfull \hbox (36.7803pt too wide) in paragraph at lines 280--280
[]\OT1/pcr/m/n/8 booktitle={Human Capital: A Theoretical and Empirical Analysis
 with Special Reference to Education
 []


Overfull \hbox (12.78029pt too wide) in paragraph at lines 313--313
[]\OT1/pcr/m/n/8 title={Database of Political Institutions: Changes and Variabl
e Definitions. The World Bank}, 
 []


Underfull \vbox (badness 10000) has occurred while \output is active []

 [60]
Overfull \hbox (12.78029pt too wide) in paragraph at lines 333--333
[]\OT1/pcr/m/n/8 title={Female socialization: how daughters affect their legisl
ator fathers' voting on women's
 []


Underfull \vbox (badness 10000) has occurred while \output is active []

 [61]
Overfull \hbox (12.78029pt too wide) in paragraph at lines 384--384
[]\OT1/pcr/m/n/8 title={The effect of parental transfers and borrowing constrai
nts on educational attainment}, 
 []


Overfull \hbox (36.7803pt too wide) in paragraph at lines 392--392
[]\OT1/pcr/m/n/8 title={Long-term effects of parents' education on children's e
ducational and occupational success:
 []


Overfull \hbox (17.58029pt too wide) in paragraph at lines 412--412
[]\OT1/pcr/m/n/8 title={Ready to Lead on Day One: Predicting Presidential Great
ness from Political Experience}, 
 []


Underfull \vbox (badness 10000) has occurred while \output is active []

 [62]
Overfull \hbox (31.9803pt too wide) in paragraph at lines 422--422
[]\OT1/pcr/m/n/8 title={Human capital: A theoretical and empirical analysis, wi
th special reference to education}, 
 []


Overfull \hbox (7.98029pt too wide) in paragraph at lines 436--436
[]\OT1/pcr/m/n/8 file = {:C$\backslash$:/Users/Rob/Google Drive/Memoria/Documen
tos/Papers/Personality/Gerber,
 []


Overfull \hbox (75.18033pt too wide) in paragraph at lines 440--440
[]\OT1/pcr/m/n/8 keywords = {dispositional traits,five-factor model,participati
on,political,political behavior,psychology}, 
 []


Underfull \vbox (badness 10000) has occurred while \output is active []

 [63]
Overfull \hbox (12.78029pt too wide) in paragraph at lines 468--468
[]\OT1/pcr/m/n/8 abstract = {An experiment was arranged whereby all three judge
s independently classified into
 []


Overfull \hbox (7.98029pt too wide) in paragraph at lines 468--468
\OT1/pcr/m/n/8 the four selected columns 300 representative words, drawn from t
he total list according to a
 []


Overfull \hbox (41.5803pt too wide) in paragraph at lines 468--468
\OT1/pcr/m/n/8 principle of representative distribution. The results of this st
udy may be expressed in percentages
 []


Overfull \hbox (22.3803pt too wide) in paragraph at lines 468--468
\OT1/pcr/m/n/8 of the total number of terms that each pair of judges assigned t
o identically the same columns.
 []


Overfull \hbox (3.18028pt too wide) in paragraph at lines 468--468
\OT1/pcr/m/n/8 Taking only the instances where all three judges agree, we find 
141 words or 47 per cent of
 []


Overfull \hbox (41.5803pt too wide) in paragraph at lines 468--468
\OT1/pcr/m/n/8 the list, whereas 6.25 per cent represents the chance expectatio
n. Examining this average agreement
 []


Overfull \hbox (12.78029pt too wide) in paragraph at lines 468--468
\OT1/pcr/m/n/8 more closely we next determine the peculiarities of each individ
ual judge when his placements
 []


Overfull \hbox (12.78029pt too wide) in paragraph at lines 468--468
\OT1/pcr/m/n/8 are compared with those of the other two judges. This analysis c
alls attention to perhaps the
 []


Overfull \hbox (7.98029pt too wide) in paragraph at lines 468--468
\OT1/pcr/m/n/8 principal source of unreliability, namely the tendency of each j
udge to have a mental set of
 []


Overfull \hbox (36.7803pt too wide) in paragraph at lines 468--468
\OT1/pcr/m/n/8 "leniency" favoring the inclusion of marginal or doubtful terms 
in one column rather than another.
 []


Overfull \hbox (36.7803pt too wide) in paragraph at lines 468--468
\OT1/pcr/m/n/8 Four outside judges selected 130 of the 300 terms as strange and
 unfamiliar to them. The agreement
 []


Overfull \hbox (17.58029pt too wide) in paragraph at lines 468--468
\OT1/pcr/m/n/8 of the three editors for this group of terms averaged only 45 pe
r cent, as against 47 per cent
 []


Overfull \hbox (51.18031pt too wide) in paragraph at lines 468--468
\OT1/pcr/m/n/8 for the total list, and 48 per cent for the remaining 170 more f
amiliar terms. Apparently established
 []


Overfull \hbox (27.1803pt too wide) in paragraph at lines 472--472
[]\OT1/pcr/m/n/8 file = {:C$\backslash$:/Users/Rob/Google Drive/Memoria/Documen
tos/Papers/Personality/Trait-Names
 []


Overfull \hbox (22.3803pt too wide) in paragraph at lines 491--491
[]\OT1/pcr/m/n/8 title={Consistency of the factorial structures of personality 
ratings from different sources.}, 
 []


Overfull \hbox (3.18028pt too wide) in paragraph at lines 501--501
[]\OT1/pcr/m/n/8 abstract = {This article traces previous studies in the area o
f personality trait supported
 []


Overfull \hbox (3.18028pt too wide) in paragraph at lines 501--501
\OT1/pcr/m/n/8 by the U.S. Air Force, that led to the pioneering study Recurren
t Personality Factors Based
 []


Overfull \hbox (7.98029pt too wide) in paragraph at lines 501--501
\OT1/pcr/m/n/8 on Trait ratings by Raymond E. Christal and E. C. Tupes. It was 
in the 1950s and early 1960s
 []


Overfull \hbox (27.1803pt too wide) in paragraph at lines 501--501
\OT1/pcr/m/n/8 that the Air Force supported an active research program in the a
reas of motivation, personality,
 []


Overfull \hbox (27.1803pt too wide) in paragraph at lines 501--501
\OT1/pcr/m/n/8 and temperament measurement. Mays (1954) investigated the relati
onship of length of acquaintance
 []


Overfull \hbox (55.98032pt too wide) in paragraph at lines 501--501
\OT1/pcr/m/n/8 and the reliability of pooled trait ratings. Tupe (1957) conduct
ed a study demonstrating a substantial
 []


Overfull \hbox (17.58029pt too wide) in paragraph at lines 501--501
\OT1/pcr/m/n/8 relationship between peer trait ratings and later officer perfor
mance evaluations of graduates
 []


Overfull \hbox (22.3803pt too wide) in paragraph at lines 501--501
\OT1/pcr/m/n/8 of the Officer Candidate School. Tupes and Christal (1958) inves
tigated the factorial structure
 []


Overfull \hbox (65.58032pt too wide) in paragraph at lines 501--501
\OT1/pcr/m/n/8 of personality trait ratings in six samples which varied in term
s of raters, lengths of acquaintanceship
 []


Overfull \hbox (7.98029pt too wide) in paragraph at lines 501--501
\OT1/pcr/m/n/8 and rating situation. Tupes (1959) conducted a study demonstrati
ng that the factor structure
 []


Overfull \hbox (12.78029pt too wide) in paragraph at lines 501--501
\OT1/pcr/m/n/8 of peer ratings of personality traits of senior officers closely
 resembles that of the junior
 []


Overfull \hbox (12.78029pt too wide) in paragraph at lines 501--501
\OT1/pcr/m/n/8 officers. By this time it was clear that the five-factor model w
as a stable representation of
 []


Overfull \hbox (17.58029pt too wide) in paragraph at lines 501--501
\OT1/pcr/m/n/8 the personality domain. It was only after complaints from studen
ts that they did not like peer
 []


Overfull \hbox (17.58029pt too wide) in paragraph at lines 501--501
\OT1/pcr/m/n/8 ratings that the Air Force research program turned to other miss
ions. Recently, however, a new
 []


Underfull \vbox (badness 10000) has occurred while \output is active []

 [64]
Overfull \hbox (17.58029pt too wide) in paragraph at lines 504--504
[]\OT1/pcr/m/n/8 file = {:C$\backslash$:/Users/Rob/Google Drive/Memoria/Documen
tos/Papers/Personality/Recurrent
 []


Overfull \hbox (103.98035pt too wide) in paragraph at lines 508--508
[]\OT1/pcr/m/n/8 keywords = {MOTIVATION (Psychology),PERSONALITY,PERSONALITY {\
&} motivation,PERSONALITY assessment,TEMPERAMENT}, 
 []


Overfull \hbox (243.18044pt too wide) in paragraph at lines 514--514
[]\OT1/pcr/m/n/8 url = {https://ejwl.idm.oclc.org/login?url=http://search.ebsco
host.com/login.aspx?direct=true{\&}db=sih{\&}AN=9208170745{\&}site=ehost-live},
 
 []


Overfull \hbox (3.18028pt too wide) in paragraph at lines 529--529
[]\OT1/pcr/m/n/8 abstract = {In the 45 years since Cattell used English trait t
erms to begin the formulation
 []


Overfull \hbox (3.18028pt too wide) in paragraph at lines 529--529
\OT1/pcr/m/n/8 of his "description of personality," a number of investigators h
ave proposed an alternative
 []


Overfull \hbox (41.5803pt too wide) in paragraph at lines 529--529
\OT1/pcr/m/n/8 structure based on 5 orthogonal factors. The generality of this 
5-factor model is here demonstrated
 []


Overfull \hbox (51.18031pt too wide) in paragraph at lines 529--529
\OT1/pcr/m/n/8 across unusually comprehensive sets of trait terms. In the first
 of 3 studies, 1,431 trait adjectives
 []


Overfull \hbox (36.7803pt too wide) in paragraph at lines 529--529
\OT1/pcr/m/n/8 grouped into 75 clusters were analyzed; virtually identical stru
ctures emerged in 10 replications,
 []


Overfull \hbox (7.98029pt too wide) in paragraph at lines 529--529
\OT1/pcr/m/n/8 each based on a different factor-analytic procedure. A 2nd study
 of 479 common terms grouped
 []


Overfull \hbox (3.18028pt too wide) in paragraph at lines 529--529
\OT1/pcr/m/n/8 into 133 synonym clusters revealed the same structure in 2 sampl
es of self-ratings and in 2
 []


Overfull \hbox (3.18028pt too wide) in paragraph at lines 529--529
\OT1/pcr/m/n/8 samples of peer ratings. None of the factors beyond the 5th gene
ralized across the samples.
 []


Overfull \hbox (22.3803pt too wide) in paragraph at lines 529--529
\OT1/pcr/m/n/8 In the 3rd study, analyses of 100 clusters derived from 339 trai
t terms suggest their potential
 []


Overfull \hbox (233.58043pt too wide) in paragraph at lines 532--532
[]\OT1/pcr/m/n/8 file = {:C$\backslash$:/Users/Rob/Google Drive/Memoria/Documen
tos/Papers/Personality/Goldberg.Big-Five-FactorsStructure.JPSP.1990.pdf:pdf}, 
 []


Underfull \vbox (badness 10000) has occurred while \output is active []

 [65]
Overfull \hbox (7.98029pt too wide) in paragraph at lines 545--545
[]\OT1/pcr/m/n/8 title={Toward an adequate taxonomy of personality attributes: 
Replicated factor structure in
 []


Overfull \hbox (22.3803pt too wide) in paragraph at lines 555--555
[]\OT1/pcr/m/n/8 abstract = {The first version of this chapter (John, 1990) off
ered a comprehensive and detailed
 []


Overfull \hbox (3.18028pt too wide) in paragraph at lines 555--555
\OT1/pcr/m/n/8 review of most of the available research. This is no longer poss
ible as we are writing this
 []


Overfull \hbox (12.78029pt too wide) in paragraph at lines 555--555
\OT1/pcr/m/n/8 chapter in 2007. What has happened? Figure 4.1 uses publication 
trends over the past 25 years
 []


Overfull \hbox (60.78032pt too wide) in paragraph at lines 555--555
\OT1/pcr/m/n/8 to illustrate how fundamentally the field has changed. Specifica
lly, we show the number of publications
 []


Overfull \hbox (3.18028pt too wide) in paragraph at lines 555--555
\OT1/pcr/m/n/8 related to the Big Five personality traits for each 5-year inter
val, beginning in the early
 []


Overfull \hbox (3.18028pt too wide) in paragraph at lines 555--555
\OT1/pcr/m/n/8 1980s, obtained from keyword searches of the PsycINFO database. 
To provide a comparison, we
 []


Overfull \hbox (3.18028pt too wide) in paragraph at lines 555--555
\OT1/pcr/m/n/8 also show the publication trend for the influential models devel
oped earlier by Cattell and
 []


Overfull \hbox (31.9803pt too wide) in paragraph at lines 555--555
\OT1/pcr/m/n/8 by Eysenck. Although both were then close to retirement age, the
ir influence had continued during
 []


Overfull \hbox (17.58029pt too wide) in paragraph at lines 555--555
\OT1/pcr/m/n/8 the 1980s. In fact, both Cattell (1990) and Eysenck (1990) had w
ritten chapters on personality
 []


Overfull \hbox (41.5803pt too wide) in paragraph at lines 555--555
\OT1/pcr/m/n/8 traits for the first edition of this handbook. What did we expec
t to find? Our intuitions suggested
 []


Overfull \hbox (31.9803pt too wide) in paragraph at lines 555--555
\OT1/pcr/m/n/8 that publications on the Big Five had increased substantially si
nce the mid-1980s, with Cattell's
 []


Overfull \hbox (3.18028pt too wide) in paragraph at lines 555--555
\OT1/pcr/m/n/8 and Eysenck's influence decreasing. But we were surprised by the
 data. First, the ascent of
 []


Overfull \hbox (3.18028pt too wide) in paragraph at lines 555--555
\OT1/pcr/m/n/8 the Big Five happened much more gradually than we had expected, 
and Cattell's and Eysenck's
 []


Overfull \hbox (7.98029pt too wide) in paragraph at lines 555--555
\OT1/pcr/m/n/8 influence held steady much longer. As Figure 4.1 shows, it took 
until the late 1990s for the
 []


Overfull \hbox (46.38031pt too wide) in paragraph at lines 555--555
\OT1/pcr/m/n/8 number of Big Five publications to finally overtake the two olde
r models. Second, whereas references
 []


Overfull \hbox (17.58029pt too wide) in paragraph at lines 555--555
\OT1/pcr/m/n/8 to Cattell and Eysenck models have finally begun to decline in a
bsolute numbers, their decline
 []


Overfull \hbox (7.98029pt too wide) in paragraph at lines 555--555
\OT1/pcr/m/n/8 has been small compared to the amazing increase in research publ
ications on the Big Five. By
 []


Overfull \hbox (3.18028pt too wide) in paragraph at lines 555--555
\OT1/pcr/m/n/8 2006, the last year for which we had figures available, the numb
er of Big Five publications
 []


Overfull \hbox (27.1803pt too wide) in paragraph at lines 555--555
\OT1/pcr/m/n/8 exceeded 300 per year, compared with less than 50 for the two ol
der models. In the 9 years since
 []


Overfull \hbox (12.78029pt too wide) in paragraph at lines 555--555
\OT1/pcr/m/n/8 the previous version of this chapter (John {\&} Srivastava, 1999
) was completed, almost 2,000
 []


Overfull \hbox (41.5803pt too wide) in paragraph at lines 555--555
\OT1/pcr/m/n/8 new publications on the Big Five have appeared. As a result, we 
can now cover only a small fraction
 []


Overfull \hbox (12.78029pt too wide) in paragraph at lines 555--555
\OT1/pcr/m/n/8 of all the relevant work in this chapter. Our main goal remains 
to provide a general overview
 []


Overfull \hbox (31.9803pt too wide) in paragraph at lines 555--555
\OT1/pcr/m/n/8 and introduction to the field that focuses on the main issues an
d can serve as a useful reference
 []


Overfull \hbox (7.98029pt too wide) in paragraph at lines 555--555
\OT1/pcr/m/n/8 resource. We therefore refer the reader to more specialized sour
ces or reviews as needed. We
 []


Overfull \hbox (41.5803pt too wide) in paragraph at lines 555--555
\OT1/pcr/m/n/8 begin our chapter with the history of the Big Five, including th
e discovery of the five dimensions,
 []


Overfull \hbox (27.1803pt too wide) in paragraph at lines 555--555
\OT1/pcr/m/n/8 research replicating and extending the model, its convergence wi
th research in the questionnaire
 []


Overfull \hbox (17.58029pt too wide) in paragraph at lines 555--555
\OT1/pcr/m/n/8 tradition, and the development of several instruments to measure
 the Big Five. Then we compare
 []


Overfull \hbox (41.5803pt too wide) in paragraph at lines 555--555
\OT1/pcr/m/n/8 three of the most frequently used instruments and discuss some n
ew data regarding their reliability
 []


Overfull \hbox (3.18028pt too wide) in paragraph at lines 555--555
\OT1/pcr/m/n/8 and validity. Finally, we address a number of conceptual issues,
 including how the Big Five
 []


Overfull \hbox (7.98029pt too wide) in paragraph at lines 555--555
\OT1/pcr/m/n/8 taxonomy is structured hierarchically, how the five dimensions d
evelop, whether they predict
 []


Overfull \hbox (7.98029pt too wide) in paragraph at lines 555--555
\OT1/pcr/m/n/8 important life outcomes, and whether they are descriptive or exp
lanatory concepts. (PsycINFO
 []


Overfull \hbox (137.58037pt too wide) in paragraph at lines 558--558
[]\OT1/pcr/m/n/8 file = {:C$\backslash$:/Users/Rob/Google Drive/Memoria/Documen
tos/Papers/Personality/John{\_}et{\_}al{\_}2008.pdf:pdf}, 
 []


Underfull \vbox (badness 10000) has occurred while \output is active []

 [66]
Overfull \hbox (12.78029pt too wide) in paragraph at lines 569--569
[]\OT1/pcr/m/n/8 title={A comparative study of Zuckerman's three structural mod
els for personality through the
 []


Overfull \hbox (12.78029pt too wide) in paragraph at lines 585--585
[]\OT1/pcr/m/n/8 abstract = {Can language use reflect personal style? Studies e
xamines the reliability, factor
 []


Overfull \hbox (41.5803pt too wide) in paragraph at lines 585--585
\OT1/pcr/m/n/8 structure, and validity of written language using a word-based, 
computerized text analysis program.
 []


Overfull \hbox (7.98029pt too wide) in paragraph at lines 585--585
\OT1/pcr/m/n/8 Daily diaries from 15 substance abuse inpatients, daily writing 
assignments from 35 student,
 []


Overfull \hbox (12.78029pt too wide) in paragraph at lines 585--585
\OT1/pcr/m/n/8 and journal abstracts from 40 social psychologists demostrated g
ood internal consistency from
 []


Overfull \hbox (3.18028pt too wide) in paragraph at lines 585--585
\OT1/pcr/m/n/8 over 36 language dimensions. Analyses of the best 15 language di
mensions from essays by 818
 []


Overfull \hbox (7.98029pt too wide) in paragraph at lines 585--585
\OT1/pcr/m/n/8 students yielded 4 factors that replicated across written sample
s from another 381 students.
 []


Overfull \hbox (22.3803pt too wide) in paragraph at lines 585--585
\OT1/pcr/m/n/8 Finally, linguistic profiles from writing samples were compared 
with Thematic Apperception Test
 []


Overfull \hbox (36.7803pt too wide) in paragraph at lines 585--585
\OT1/pcr/m/n/8 coding, self-reports, and behavioral measures from 79 students a
nd with self-reports of a 5-factor
 []


Overfull \hbox (3.18028pt too wide) in paragraph at lines 585--585
\OT1/pcr/m/n/8 measure and health markers from more that 1,200 students. despit
e modest effects sizes, the
 []


Overfull \hbox (41.5803pt too wide) in paragraph at lines 585--585
\OT1/pcr/m/n/8 data suggest that linguistic styke is an idenpendent and meaning
ful way of exploring personality.}, 
 []


Overfull \hbox (27.1803pt too wide) in paragraph at lines 589--589
[]\OT1/pcr/m/n/8 file = {:C$\backslash$:/Users/Rob/Google Drive/Memoria/Documen
tos/Papers/Personality/Pennebaker,
 []


Overfull \hbox (22.3803pt too wide) in paragraph at lines 602--602
[]\OT1/pcr/m/n/8 title={Personality as manifest in word use: correlations with 
self-report, acquaintance report,
 []


Underfull \vbox (badness 10000) has occurred while \output is active []

 [67]
Overfull \hbox (41.5803pt too wide) in paragraph at lines 612--612
[]\OT1/pcr/m/n/8 title={Personality in its natural habitat: manifestations and 
implicit folk theories of personality
 []


Overfull \hbox (41.5803pt too wide) in paragraph at lines 622--622
[]\OT1/pcr/m/n/8 abstract = {Social media is a place where users present themse
lves to the world, revealing personal
 []


Overfull \hbox (36.7803pt too wide) in paragraph at lines 622--622
\OT1/pcr/m/n/8 details and insights into their lives. We are beginning to under
stand how some of this information
 []


Overfull \hbox (22.3803pt too wide) in paragraph at lines 622--622
\OT1/pcr/m/n/8 can be utilized to improve the users' experiences with interface
s and with one another. In this
 []


Overfull \hbox (22.3803pt too wide) in paragraph at lines 622--622
\OT1/pcr/m/n/8 paper, we are interested in the personality of users. Personalit
y has been shown to be relevant
 []


Overfull \hbox (12.78029pt too wide) in paragraph at lines 622--622
\OT1/pcr/m/n/8 to many types of interactions; it has been shown to be useful in
 predicting job satisfaction,
 []


Overfull \hbox (12.78029pt too wide) in paragraph at lines 622--622
\OT1/pcr/m/n/8 professional and romantic relationship success, and even prefere
nce for different interfaces.
 []


Overfull \hbox (7.98029pt too wide) in paragraph at lines 622--622
\OT1/pcr/m/n/8 Until now, to accurately gauge users' personalities, they needed
 to take a personality test.
 []


Overfull \hbox (31.9803pt too wide) in paragraph at lines 622--622
\OT1/pcr/m/n/8 This made it impractical to use personality analysis in many soc
ial media domains. In this paper,
 []


Overfull \hbox (36.7803pt too wide) in paragraph at lines 622--622
\OT1/pcr/m/n/8 we present a method by which a user's personality can be accurat
ely predicted through the publicly
 []


Overfull \hbox (12.78029pt too wide) in paragraph at lines 622--622
\OT1/pcr/m/n/8 available information on their Facebook profile. We will describ
e the type of data collected,
 []


Overfull \hbox (41.5803pt too wide) in paragraph at lines 622--622
\OT1/pcr/m/n/8 our methods of analysis, and the results of predicting personali
ty traits through machine learning.
 []


Overfull \hbox (27.1803pt too wide) in paragraph at lines 622--622
\OT1/pcr/m/n/8 We then discuss the implications this has for social media desig
n, interface design, and broader
 []


Overfull \hbox (22.3803pt too wide) in paragraph at lines 625--625
[]\OT1/pcr/m/n/8 file = {:C$\backslash$:/Users/Rob/Google Drive/Memoria/Documen
tos/Papers/Personality/Predicting
 []


Overfull \hbox (3.18028pt too wide) in paragraph at lines 627--627
[]\OT1/pcr/m/n/8 journal = {Proceedings of the 2011 annual conference extended 
abstracts on Human factors in
 []


Overfull \hbox (46.38031pt too wide) in paragraph at lines 628--628
[]\OT1/pcr/m/n/8 keywords = {acm classification keywords,copyright is held by,o
wner,personality,s,social media,social
 []


Overfull \hbox (41.5803pt too wide) in paragraph at lines 636--636
[]\OT1/pcr/m/n/8 abstract = {Social media is a place where users present themse
lves to the world, revealing personal
 []


Overfull \hbox (36.7803pt too wide) in paragraph at lines 636--636
\OT1/pcr/m/n/8 details and insights into their lives. We are beginning to under
stand how some of this information
 []


Overfull \hbox (22.3803pt too wide) in paragraph at lines 636--636
\OT1/pcr/m/n/8 can be utilized to improve the users' experiences with interface
s and with one another. In this
 []


Overfull \hbox (22.3803pt too wide) in paragraph at lines 636--636
\OT1/pcr/m/n/8 paper, we are interested in the personality of users. Personalit
y has been shown to be relevant
 []


Overfull \hbox (12.78029pt too wide) in paragraph at lines 636--636
\OT1/pcr/m/n/8 to many types of interactions, it has been shown to be useful in
 predicting job satisfaction,
 []


Overfull \hbox (12.78029pt too wide) in paragraph at lines 636--636
\OT1/pcr/m/n/8 professional and romantic relationship success, and even prefere
nce for different interfaces.
 []


Overfull \hbox (7.98029pt too wide) in paragraph at lines 636--636
\OT1/pcr/m/n/8 Until now, to accurately gauge users' personalities, they needed
 to take a personality test.
 []


Overfull \hbox (31.9803pt too wide) in paragraph at lines 636--636
\OT1/pcr/m/n/8 This made it impractical to use personality analysis in many soc
ial media domains. In this paper,
 []


Overfull \hbox (36.7803pt too wide) in paragraph at lines 636--636
\OT1/pcr/m/n/8 we present a method by which a user's personality can be accurat
ely predicted through the publicly
 []


Overfull \hbox (7.98029pt too wide) in paragraph at lines 636--636
\OT1/pcr/m/n/8 available information on their Twitter profile. We will describe
 the type of data collected,
 []


Overfull \hbox (36.7803pt too wide) in paragraph at lines 636--636
\OT1/pcr/m/n/8 our methods of analysis, and the machine learning techniques tha
t allow us to successfully predict
 []


Overfull \hbox (31.9803pt too wide) in paragraph at lines 636--636
\OT1/pcr/m/n/8 personality. We then discuss the implications this has for socia
l media design, interface design,
 []


Overfull \hbox (7.98029pt too wide) in paragraph at lines 639--639
[]\OT1/pcr/m/n/8 file = {:C$\backslash$:/Users/Rob/Google Drive/Memoria/Documen
tos/Papers/Personality/Golbeck
 []


Overfull \hbox (27.1803pt too wide) in paragraph at lines 641--641
[]\OT1/pcr/m/n/8 journal = {Proceedings - 2011 IEEE International Conference on
 Privacy, Security, Risk and Trust
 []


Underfull \vbox (badness 10000) has occurred while \output is active []

 [68]
Overfull \hbox (12.78029pt too wide) in paragraph at lines 659--659
[]\OT1/pcr/m/n/8 title={Using linguistic cues for the automatic recognition of 
personality in conversation and
 []


Overfull \hbox (7.98029pt too wide) in paragraph at lines 660--660
[]\OT1/pcr/m/n/8 author={Mairesse, Fran{\c{c}}ois and Walker, Marilyn A and Meh
l, Matthias R and Moore, Roger
 []

) [69]pdfTeX warning (ext4): destination with the same identifier (name{chapter
.2}) has been already used, duplicate ignored
<to be read again> 
                   \relax 
\HyWrap@new@pdflink ... \Hy@pstringDest \@pdfview 
                                                  \Hy@RestoreLastskip \ifhmo...

\hyper@anchorstart #1->\new@pdflink {#1}
                                        \Hy@activeanchortrue 
<argument> \hyper@anchorstart {\@currentHref }
                                              \hyper@anchorend 
\Hy@raisedlink #1->\ifvmode #1
                              \else \Hy@SaveSpaceFactor \penalty \@M \smash ...

\hyper@refstepcounter ...tHref }\hyper@anchorend }
                                                  \fi 
...
l.987 \chapter{RECURSOS EN LA INTERNET}
                                       
ANEXO B

Overfull \hbox (5.27931pt too wide) in paragraph at lines 987--987
\OT1/ptm/b/n/12 ANEXO B.[] 
 []


Underfull \vbox (badness 10000) has occurred while \output is active []

 [70


]
[71] (puctesis_ejemplo.aux
LaTeX Info: Redefining \. on input line 23.
LaTeX Info: Redefining \% on input line 23.
)
Package atveryend Info: Executing hook `AtVeryEndDocument' on input line 1047.
 ) 
Here is how much of TeX's memory you used:
 20803 strings out of 493673
 374146 string characters out of 3141523
 442913 words of memory out of 3000000
 23513 multiletter control sequences out of 15000+200000
 41477 words of font info for 97 fonts, out of 3000000 for 9000
 1186 hyphenation exceptions out of 8191
 40i,13n,42p,10387b,1035s stack positions out of 5000i,500n,10000p,200000b,50000s
{C:/Program Files (x86)/MiKTeX 2.9/fonts/enc/dvips/fontname/8r.enc}<C:/Progra
m Files (x86)/MiKTeX 2.9/fonts/type1/public/amsfonts/cm/cmmi12.pfb><C:/Program 
Files (x86)/MiKTeX 2.9/fonts/type1/public/amsfonts/cm/cmmi8.pfb><C:/Program Fil
es (x86)/MiKTeX 2.9/fonts/type1/public/amsfonts/cm/cmr12.pfb><C:/Program Files 
(x86)/MiKTeX 2.9/fonts/type1/public/amsfonts/cm/cmr8.pfb><C:/Program Files (x86
)/MiKTeX 2.9/fonts/type1/public/amsfonts/cm/cmsy10.pfb><C:/Program Files (x86)/
MiKTeX 2.9/fonts/type1/public/amsfonts/cm/cmsy8.pfb><C:/Program Files (x86)/MiK
TeX 2.9/fonts/type1/urw/courier/ucrr8a.pfb><C:/Program Files (x86)/MiKTeX 2.9/f
onts/type1/urw/courier/ucrro8a.pfb><C:/Program Files (x86)/MiKTeX 2.9/fonts/typ
e1/urw/helvetic/uhvr8a.pfb><C:/Program Files (x86)/MiKTeX 2.9/fonts/type1/urw/t
imes/utmb8a.pfb><C:/Program Files (x86)/MiKTeX 2.9/fonts/type1/urw/times/utmr8a
.pfb><C:/Program Files (x86)/MiKTeX 2.9/fonts/type1/urw/times/utmr8a.pfb><C:/Pr
ogram Files (x86)/MiKTeX 2.9/fonts/type1/urw/times/utmri8a.pfb>
Output written on puctesis_ejemplo.pdf (82 pages, 648096 bytes).
PDF statistics:
 1330 PDF objects out of 1440 (max. 8388607)
 213 named destinations out of 1000 (max. 500000)
 449 words of extra memory for PDF output out of 10000 (max. 10000000)

