\BOOKMARK [0][-]{Doc-Start}{AGRADECIMIENTOS}{}% 1
\BOOKMARK [0][-]{Doc-Start}{INDICE DE FIGURAS}{}% 2
\BOOKMARK [0][-]{Doc-Start}{INDICE DE TABLAS}{}% 3
\BOOKMARK [0][-]{Doc-Start}{RESUMEN}{}% 4
\BOOKMARK [0][-]{Doc-Start}{ABSTRACT}{}% 5
\BOOKMARK [0][-]{chapter.1}{1. INTRODUCCION}{}% 6
\BOOKMARK [1][-]{section.1.1}{1.1. Definci\363n del Problema/Descripci\363n del Problema}{chapter.1}% 7
\BOOKMARK [1][-]{section.1.2}{1.2. Motivaci\363n}{chapter.1}% 8
\BOOKMARK [2][-]{subsection.1.2.1}{1.2.1. Algunos ejemplos}{section.1.2}% 9
\BOOKMARK [2][-]{subsection.1.2.2}{1.2.2. Algunas caracter\355sticas}{section.1.2}% 10
\BOOKMARK [1][-]{section.1.3}{1.3. T\351cnicas/M\351todos Existentes}{chapter.1}% 11
\BOOKMARK [2][-]{subsection.1.3.1}{1.3.1. M\351todos generales}{section.1.3}% 12
\BOOKMARK [2][-]{subsection.1.3.2}{1.3.2. Desventajas de los enfoques existentes}{section.1.3}% 13
\BOOKMARK [1][-]{section.1.4}{1.4. Resumen de Contribuciones/Contribuciones Originales}{chapter.1}% 14
\BOOKMARK [1][-]{section.1.5}{1.5. Organizaci\363n de la Tesis/Documento}{chapter.1}% 15
\BOOKMARK [0][-]{chapter.2}{2. SUPUESTOS BASICOS Y RESULTADOS PRELIMINARES}{}% 16
\BOOKMARK [1][-]{section.2.1}{2.1. Supuestos B\341sicos}{chapter.2}% 17
\BOOKMARK [1][-]{section.2.2}{2.2. Antecedentes y Resultados Preliminares}{chapter.2}% 18
\BOOKMARK [1][-]{section.2.3}{2.3. Modelos Matem\341ticos}{chapter.2}% 19
\BOOKMARK [0][-]{chapter.3}{3. ANALISIS Y SIMULACIONES}{}% 20
\BOOKMARK [1][-]{section.3.1}{3.1. An\341lisis}{chapter.3}% 21
\BOOKMARK [1][-]{section.3.2}{3.2. Simulaciones}{chapter.3}% 22
\BOOKMARK [0][-]{chapter.4}{4. IMPLEMENTACION Y PRUEBAS}{}% 23
\BOOKMARK [0][-]{chapter.5}{5. RESULTADOS EXPERIMENTALES}{}% 24
\BOOKMARK [0][-]{chapter.6}{6. CONCLUSIONES Y TRABAJO FUTURO}{}% 25
\BOOKMARK [1][-]{section.6.1}{6.1. Revisi\363n de los Resultados y Comentarios Generales}{chapter.6}% 26
\BOOKMARK [1][-]{section.6.2}{6.2. Comparaci\363n de la Soluciones}{chapter.6}% 27
\BOOKMARK [1][-]{section.6.3}{6.3. Temas de Investigaci\363n Futura}{chapter.6}% 28
\BOOKMARK [0][-]{section.6.3}{BIBLIOGRAFIA}{}% 29
\BOOKMARK [0][-]{chapter.1}{ANEXO A. RECURSOS ADICIONALES}{}% 30
